[ 2017-05-17T17:03:24+08:00 ] ::1 /yy/admin.php/Home/Index/index.html
INFO: [ app_init ] --START--
INFO: Run Behavior\BuildLiteBehavior [ RunTime:0.000065s ]
INFO: [ app_init ] --END-- [ RunTime:0.000962s ]
INFO: [ app_begin ] --START--
INFO: Run Behavior\ReadHtmlCacheBehavior [ RunTime:0.000744s ]
INFO: [ app_begin ] --END-- [ RunTime:0.000877s ]
NOTIC: [8] Undefined index: name D:\Program Files\wamp\www\yy\admin\Home\Controller\IndexController.class.php 第 100 行.

[ 2017-05-17T17:03:24+08:00 ] ::1 /yy/admin.php/Home/Index/login.html
INFO: [ app_init ] --START--
INFO: Run Behavior\BuildLiteBehavior [ RunTime:0.000043s ]
INFO: [ app_init ] --END-- [ RunTime:0.000603s ]
INFO: [ app_begin ] --START--
INFO: Run Behavior\ReadHtmlCacheBehavior [ RunTime:0.000617s ]
INFO: [ app_begin ] --END-- [ RunTime:0.000768s ]
INFO: [ view_parse ] --START--
INFO: [ template_filter ] --START--
INFO: Run Behavior\ContentReplaceBehavior [ RunTime:0.000070s ]
INFO: [ template_filter ] --END-- [ RunTime:0.000199s ]
INFO: Run Behavior\ParseTemplateBehavior [ RunTime:0.035645s ]
INFO: [ view_parse ] --END-- [ RunTime:0.035795s ]
INFO: [ view_filter ] --START--
INFO: Run Behavior\WriteHtmlCacheBehavior [ RunTime:0.000473s ]
INFO: [ view_filter ] --END-- [ RunTime:0.000593s ]
INFO: [ app_end ] --START--
INFO: Run Behavior\ShowPageTraceBehavior [ RunTime:0.000720s ]
INFO: [ app_end ] --END-- [ RunTime:0.000838s ]

[ 2017-05-17T17:03:26+08:00 ] ::1 /yy/admin.php/Home/Index/login.html
INFO: [ app_init ] --START--
INFO: Run Behavior\BuildLiteBehavior [ RunTime:0.000026s ]
INFO: [ app_init ] --END-- [ RunTime:0.000484s ]
INFO: [ app_begin ] --START--
INFO: Run Behavior\ReadHtmlCacheBehavior [ RunTime:0.000526s ]
INFO: [ app_begin ] --END-- [ RunTime:0.000645s ]
SQL: SHOW COLUMNS FROM `wc_admin` [ RunTime:0.0403s ]
SQL: SELECT `password` FROM `wc_admin` WHERE ( username = 'admin' ) LIMIT 1   [ RunTime:0.0403s ]
INFO: [ view_parse ] --START--
INFO: [ template_filter ] --START--
INFO: Run Behavior\ContentReplaceBehavior [ RunTime:0.000069s ]
INFO: [ template_filter ] --END-- [ RunTime:0.000196s ]
INFO: Run Behavior\ParseTemplateBehavior [ RunTime:0.022369s ]
INFO: [ view_parse ] --END-- [ RunTime:0.022556s ]
INFO: [ view_filter ] --START--
INFO: Run Behavior\WriteHtmlCacheBehavior [ RunTime:0.000539s ]
INFO: [ view_filter ] --END-- [ RunTime:0.000723s ]

[ 2017-05-17T17:03:29+08:00 ] ::1 /yy/admin.php/Home/Index/login.html
INFO: [ app_init ] --START--
INFO: Run Behavior\BuildLiteBehavior [ RunTime:0.000051s ]
INFO: [ app_init ] --END-- [ RunTime:0.000879s ]
INFO: [ app_begin ] --START--
INFO: Run Behavior\ReadHtmlCacheBehavior [ RunTime:0.001066s ]
INFO: [ app_begin ] --END-- [ RunTime:0.001282s ]
INFO: [ view_parse ] --START--
INFO: [ template_filter ] --START--
INFO: Run Behavior\ContentReplaceBehavior [ RunTime:0.000071s ]
INFO: [ template_filter ] --END-- [ RunTime:0.000204s ]
INFO: Run Behavior\ParseTemplateBehavior [ RunTime:0.007651s ]
INFO: [ view_parse ] --END-- [ RunTime:0.007792s ]
INFO: [ view_filter ] --START--
INFO: Run Behavior\WriteHtmlCacheBehavior [ RunTime:0.000339s ]
INFO: [ view_filter ] --END-- [ RunTime:0.000460s ]
INFO: [ app_end ] --START--
INFO: Run Behavior\ShowPageTraceBehavior [ RunTime:0.001213s ]
INFO: [ app_end ] --END-- [ RunTime:0.001431s ]

[ 2017-05-17T17:03:31+08:00 ] ::1 /yy/admin.php/Home/Index/login.html
INFO: [ app_init ] --START--
INFO: Run Behavior\BuildLiteBehavior [ RunTime:0.000048s ]
INFO: [ app_init ] --END-- [ RunTime:0.000789s ]
INFO: [ app_begin ] --START--
INFO: Run Behavior\ReadHtmlCacheBehavior [ RunTime:0.000609s ]
INFO: [ app_begin ] --END-- [ RunTime:0.000759s ]
SQL: SHOW COLUMNS FROM `wc_admin` [ RunTime:0.0396s ]
SQL: SELECT `password` FROM `wc_admin` WHERE ( username = 'admin2' ) LIMIT 1   [ RunTime:0.0394s ]
NOTIC: [8] A session had already been started - ignoring session_start() D:\Program Files\wamp\www\yy\ThinkPHP\Common\functions.php 第 1263 行.
INFO: [ view_parse ] --START--
INFO: [ template_filter ] --START--
INFO: Run Behavior\ContentReplaceBehavior [ RunTime:0.000070s ]
INFO: [ template_filter ] --END-- [ RunTime:0.000202s ]
INFO: Run Behavior\ParseTemplateBehavior [ RunTime:0.008009s ]
INFO: [ view_parse ] --END-- [ RunTime:0.008140s ]
INFO: [ view_filter ] --START--
INFO: Run Behavior\WriteHtmlCacheBehavior [ RunTime:0.000335s ]
INFO: [ view_filter ] --END-- [ RunTime:0.000444s ]
INFO: [ app_end ] --START--
INFO: Run Behavior\ShowPageTraceBehavior [ RunTime:0.000579s ]
INFO: [ app_end ] --END-- [ RunTime:0.000701s ]

[ 2017-05-17T17:03:33+08:00 ] ::1 /yy/admin.php/Home/Index/index
INFO: [ app_init ] --START--
INFO: Run Behavior\BuildLiteBehavior [ RunTime:0.000028s ]
INFO: [ app_init ] --END-- [ RunTime:0.000488s ]
INFO: [ app_begin ] --START--
INFO: Run Behavior\ReadHtmlCacheBehavior [ RunTime:0.000837s ]
INFO: [ app_begin ] --END-- [ RunTime:0.001022s ]
SQL: SHOW COLUMNS FROM `wc_users` [ RunTime:0.0401s ]
SQL: SELECT * FROM `wc_users`  [ RunTime:0.0593s ]
INFO: [ view_parse ] --START--
INFO: [ template_filter ] --START--
INFO: Run Behavior\ContentReplaceBehavior [ RunTime:0.000090s ]
INFO: [ template_filter ] --END-- [ RunTime:0.000221s ]
INFO: Run Behavior\ParseTemplateBehavior [ RunTime:0.200969s ]
INFO: [ view_parse ] --END-- [ RunTime:0.201125s ]
INFO: [ view_filter ] --START--
INFO: Run Behavior\WriteHtmlCacheBehavior [ RunTime:0.000685s ]
INFO: [ view_filter ] --END-- [ RunTime:0.000885s ]
INFO: [ app_end ] --START--
INFO: Run Behavior\ShowPageTraceBehavior [ RunTime:0.001167s ]
INFO: [ app_end ] --END-- [ RunTime:0.001417s ]

[ 2017-05-17T17:03:37+08:00 ] ::1 /yy/admin.php/Home/Index/user_add.html
INFO: [ app_init ] --START--
INFO: Run Behavior\BuildLiteBehavior [ RunTime:0.000032s ]
INFO: [ app_init ] --END-- [ RunTime:0.000774s ]
INFO: [ app_begin ] --START--
INFO: Run Behavior\ReadHtmlCacheBehavior [ RunTime:0.000825s ]
INFO: [ app_begin ] --END-- [ RunTime:0.001020s ]
INFO: [ view_parse ] --START--
INFO: [ template_filter ] --START--
INFO: Run Behavior\ContentReplaceBehavior [ RunTime:0.000099s ]
INFO: [ template_filter ] --END-- [ RunTime:0.000245s ]
NOTIC: [8] Undefined variable: vo D:\Program Files\wamp\www\yy\admin\Runtime\Cache\Home\9950c6db03b8a08bc74fa8963c016988.php 第 75 行.
INFO: Run Behavior\ParseTemplateBehavior [ RunTime:0.109826s ]
INFO: [ view_parse ] --END-- [ RunTime:0.110027s ]
INFO: [ view_filter ] --START--
INFO: Run Behavior\WriteHtmlCacheBehavior [ RunTime:0.000748s ]
INFO: [ view_filter ] --END-- [ RunTime:0.000934s ]
INFO: [ app_end ] --START--
INFO: Run Behavior\ShowPageTraceBehavior [ RunTime:0.000787s ]
INFO: [ app_end ] --END-- [ RunTime:0.000917s ]

[ 2017-05-17T17:03:38+08:00 ] ::1 /yy/admin.php/Home/Index/user_edit.html
INFO: [ app_init ] --START--
INFO: Run Behavior\BuildLiteBehavior [ RunTime:0.000027s ]
INFO: [ app_init ] --END-- [ RunTime:0.000482s ]
INFO: [ app_begin ] --START--
INFO: Run Behavior\ReadHtmlCacheBehavior [ RunTime:0.000533s ]
INFO: [ app_begin ] --END-- [ RunTime:0.000651s ]
INFO: [ view_parse ] --START--
INFO: [ template_filter ] --START--
INFO: Run Behavior\ContentReplaceBehavior [ RunTime:0.000088s ]
INFO: [ template_filter ] --END-- [ RunTime:0.000257s ]
INFO: Run Behavior\ParseTemplateBehavior [ RunTime:0.046123s ]
INFO: [ view_parse ] --END-- [ RunTime:0.046292s ]
INFO: [ view_filter ] --START--
INFO: Run Behavior\WriteHtmlCacheBehavior [ RunTime:0.000475s ]
INFO: [ view_filter ] --END-- [ RunTime:0.000601s ]
INFO: [ app_end ] --START--
INFO: Run Behavior\ShowPageTraceBehavior [ RunTime:0.000732s ]
INFO: [ app_end ] --END-- [ RunTime:0.000880s ]

[ 2017-05-17T17:03:45+08:00 ] ::1 /yy/admin.php/Home/Index/index.html
INFO: [ app_init ] --START--
INFO: Run Behavior\BuildLiteBehavior [ RunTime:0.000029s ]
INFO: [ app_init ] --END-- [ RunTime:0.000573s ]
INFO: [ app_begin ] --START--
INFO: Run Behavior\ReadHtmlCacheBehavior [ RunTime:0.000641s ]
INFO: [ app_begin ] --END-- [ RunTime:0.000777s ]
SQL: SHOW COLUMNS FROM `wc_users` [ RunTime:0.0498s ]
SQL: SELECT * FROM `wc_users`  [ RunTime:0.0689s ]
INFO: [ view_parse ] --START--
INFO: [ template_filter ] --START--
INFO: Run Behavior\ContentReplaceBehavior [ RunTime:0.000116s ]
INFO: [ template_filter ] --END-- [ RunTime:0.000400s ]
INFO: Run Behavior\ParseTemplateBehavior [ RunTime:0.023369s ]
INFO: [ view_parse ] --END-- [ RunTime:0.023640s ]
INFO: [ view_filter ] --START--
INFO: Run Behavior\WriteHtmlCacheBehavior [ RunTime:0.000439s ]
INFO: [ view_filter ] --END-- [ RunTime:0.000772s ]
INFO: [ app_end ] --START--
INFO: Run Behavior\ShowPageTraceBehavior [ RunTime:0.000986s ]
INFO: [ app_end ] --END-- [ RunTime:0.001427s ]

[ 2017-05-17T17:03:46+08:00 ] ::1 /yy/admin.php/Home/Index/loginOut.html
INFO: [ app_init ] --START--
INFO: Run Behavior\BuildLiteBehavior [ RunTime:0.000049s ]
INFO: [ app_init ] --END-- [ RunTime:0.000600s ]
INFO: [ app_begin ] --START--
INFO: Run Behavior\ReadHtmlCacheBehavior [ RunTime:0.000834s ]
INFO: [ app_begin ] --END-- [ RunTime:0.000975s ]
INFO: [ view_parse ] --START--
INFO: [ template_filter ] --START--
INFO: Run Behavior\ContentReplaceBehavior [ RunTime:0.000116s ]
INFO: [ template_filter ] --END-- [ RunTime:0.000306s ]
INFO: Run Behavior\ParseTemplateBehavior [ RunTime:0.010929s ]
INFO: [ view_parse ] --END-- [ RunTime:0.011132s ]
INFO: [ view_filter ] --START--
INFO: Run Behavior\WriteHtmlCacheBehavior [ RunTime:0.000537s ]
INFO: [ view_filter ] --END-- [ RunTime:0.000737s ]
INFO: [ app_end ] --START--
INFO: Run Behavior\ShowPageTraceBehavior [ RunTime:0.000971s ]
INFO: [ app_end ] --END-- [ RunTime:0.001191s ]

[ 2017-05-17T17:03:47+08:00 ] ::1 /yy/admin.php/Home/Index/login
INFO: [ app_init ] --START--
INFO: Run Behavior\BuildLiteBehavior [ RunTime:0.000046s ]
INFO: [ app_init ] --END-- [ RunTime:0.000655s ]
INFO: [ app_begin ] --START--
INFO: Run Behavior\ReadHtmlCacheBehavior [ RunTime:0.000658s ]
INFO: [ app_begin ] --END-- [ RunTime:0.000820s ]
INFO: [ view_parse ] --START--
INFO: [ template_filter ] --START--
INFO: Run Behavior\ContentReplaceBehavior [ RunTime:0.000131s ]
INFO: [ template_filter ] --END-- [ RunTime:0.000477s ]
INFO: Run Behavior\ParseTemplateBehavior [ RunTime:0.011712s ]
INFO: [ view_parse ] --END-- [ RunTime:0.011962s ]
INFO: [ view_filter ] --START--
INFO: Run Behavior\WriteHtmlCacheBehavior [ RunTime:0.000593s ]
INFO: [ view_filter ] --END-- [ RunTime:0.000823s ]
INFO: [ app_end ] --START--
INFO: Run Behavior\ShowPageTraceBehavior [ RunTime:0.001061s ]
INFO: [ app_end ] --END-- [ RunTime:0.001299s ]

[ 2017-05-17T17:03:49+08:00 ] ::1 /yy/admin.php/Home/Index/login
INFO: [ app_init ] --START--
INFO: Run Behavior\BuildLiteBehavior [ RunTime:0.000027s ]
INFO: [ app_init ] --END-- [ RunTime:0.000476s ]
INFO: [ app_begin ] --START--
INFO: Run Behavior\ReadHtmlCacheBehavior [ RunTime:0.000536s ]
INFO: [ app_begin ] --END-- [ RunTime:0.000666s ]
SQL: SHOW COLUMNS FROM `wc_admin` [ RunTime:0.0398s ]
SQL: SELECT `password` FROM `wc_admin` WHERE ( username = 'admin2' ) LIMIT 1   [ RunTime:0.0312s ]
NOTIC: [8] A session had already been started - ignoring session_start() D:\Program Files\wamp\www\yy\ThinkPHP\Common\functions.php 第 1263 行.
INFO: [ view_parse ] --START--
INFO: [ template_filter ] --START--
INFO: Run Behavior\ContentReplaceBehavior [ RunTime:0.000070s ]
INFO: [ template_filter ] --END-- [ RunTime:0.000364s ]
INFO: Run Behavior\ParseTemplateBehavior [ RunTime:0.007323s ]
INFO: [ view_parse ] --END-- [ RunTime:0.007550s ]
INFO: [ view_filter ] --START--
INFO: Run Behavior\WriteHtmlCacheBehavior [ RunTime:0.000340s ]
INFO: [ view_filter ] --END-- [ RunTime:0.000582s ]
INFO: [ app_end ] --START--
INFO: Run Behavior\ShowPageTraceBehavior [ RunTime:0.000587s ]
INFO: [ app_end ] --END-- [ RunTime:0.000807s ]

[ 2017-05-17T17:03:50+08:00 ] ::1 /yy/admin.php/Home/Index/index
INFO: [ app_init ] --START--
INFO: Run Behavior\BuildLiteBehavior [ RunTime:0.000033s ]
INFO: [ app_init ] --END-- [ RunTime:0.000613s ]
INFO: [ app_begin ] --START--
INFO: Run Behavior\ReadHtmlCacheBehavior [ RunTime:0.000594s ]
INFO: [ app_begin ] --END-- [ RunTime:0.000720s ]
SQL: SHOW COLUMNS FROM `wc_users` [ RunTime:0.0394s ]
SQL: SELECT * FROM `wc_users`  [ RunTime:0.0693s ]
INFO: [ view_parse ] --START--
INFO: [ template_filter ] --START--
INFO: Run Behavior\ContentReplaceBehavior [ RunTime:0.000105s ]
INFO: [ template_filter ] --END-- [ RunTime:0.000376s ]
INFO: Run Behavior\ParseTemplateBehavior [ RunTime:0.021475s ]
INFO: [ view_parse ] --END-- [ RunTime:0.021681s ]
INFO: [ view_filter ] --START--
INFO: Run Behavior\WriteHtmlCacheBehavior [ RunTime:0.000447s ]
INFO: [ view_filter ] --END-- [ RunTime:0.000717s ]
INFO: [ app_end ] --START--
INFO: Run Behavior\ShowPageTraceBehavior [ RunTime:0.000731s ]
INFO: [ app_end ] --END-- [ RunTime:0.001075s ]

[ 2017-05-17T17:03:57+08:00 ] ::1 /yy/admin.php/Home/Index/cms_edit/cid/1.html
INFO: [ app_init ] --START--
INFO: Run Behavior\BuildLiteBehavior [ RunTime:0.000047s ]
INFO: [ app_init ] --END-- [ RunTime:0.000662s ]
INFO: [ app_begin ] --START--
INFO: Run Behavior\ReadHtmlCacheBehavior [ RunTime:0.000624s ]
INFO: [ app_begin ] --END-- [ RunTime:0.000754s ]
SQL: SHOW COLUMNS FROM `wc_users` [ RunTime:0.0495s ]
SQL: SELECT * FROM `wc_users` WHERE ( id='1' ) LIMIT 1   [ RunTime:0.0493s ]
NOTIC: [8] Undefined index: content D:\Program Files\wamp\www\yy\admin\Home\Controller\IndexController.class.php 第 68 行.
INFO: [ view_parse ] --START--
INFO: [ template_filter ] --START--
INFO: Run Behavior\ContentReplaceBehavior [ RunTime:0.000118s ]
INFO: [ template_filter ] --END-- [ RunTime:0.000459s ]
INFO: Run Behavior\ParseTemplateBehavior [ RunTime:0.117083s ]
INFO: [ view_parse ] --END-- [ RunTime:0.117361s ]
INFO: [ view_filter ] --START--
INFO: Run Behavior\WriteHtmlCacheBehavior [ RunTime:0.000324s ]
INFO: [ view_filter ] --END-- [ RunTime:0.000552s ]
INFO: [ app_end ] --START--
INFO: Run Behavior\ShowPageTraceBehavior [ RunTime:0.000550s ]
INFO: [ app_end ] --END-- [ RunTime:0.000790s ]

[ 2017-05-17T17:04:04+08:00 ] ::1 /yy/admin.php/Home/Index/cms_search.html
INFO: [ app_init ] --START--
INFO: Run Behavior\BuildLiteBehavior [ RunTime:0.000052s ]
INFO: [ app_init ] --END-- [ RunTime:0.000906s ]
INFO: [ app_begin ] --START--
INFO: Run Behavior\ReadHtmlCacheBehavior [ RunTime:0.000719s ]
INFO: [ app_begin ] --END-- [ RunTime:0.000911s ]
SQL: SHOW COLUMNS FROM `wc_users` [ RunTime:0.0503s ]
SQL: SELECT * FROM `wc_users` WHERE `lyratal` = '121'  [ RunTime:0.0585s ]
INFO: [ view_parse ] --START--
INFO: [ template_filter ] --START--
INFO: Run Behavior\ContentReplaceBehavior [ RunTime:0.000096s ]
INFO: [ template_filter ] --END-- [ RunTime:0.000235s ]
INFO: Run Behavior\ParseTemplateBehavior [ RunTime:0.015153s ]
INFO: [ view_parse ] --END-- [ RunTime:0.015408s ]
INFO: [ view_filter ] --START--
INFO: Run Behavior\WriteHtmlCacheBehavior [ RunTime:0.000510s ]
INFO: [ view_filter ] --END-- [ RunTime:0.000663s ]
INFO: [ app_end ] --START--
INFO: Run Behavior\ShowPageTraceBehavior [ RunTime:0.000690s ]
INFO: [ app_end ] --END-- [ RunTime:0.000843s ]

[ 2017-05-17T17:04:08+08:00 ] ::1 /yy/admin.php/Home/Index/cms_search.html
INFO: [ app_init ] --START--
INFO: Run Behavior\BuildLiteBehavior [ RunTime:0.000059s ]
INFO: [ app_init ] --END-- [ RunTime:0.000627s ]
INFO: [ app_begin ] --START--
INFO: Run Behavior\ReadHtmlCacheBehavior [ RunTime:0.000770s ]
INFO: [ app_begin ] --END-- [ RunTime:0.000919s ]
SQL: SHOW COLUMNS FROM `wc_users` [ RunTime:0.0503s ]
SQL: SELECT * FROM `wc_users` WHERE `lyratal` = '12'  [ RunTime:0.0581s ]
INFO: [ view_parse ] --START--
INFO: [ template_filter ] --START--
INFO: Run Behavior\ContentReplaceBehavior [ RunTime:0.000102s ]
INFO: [ template_filter ] --END-- [ RunTime:0.000279s ]
INFO: Run Behavior\ParseTemplateBehavior [ RunTime:0.014694s ]
INFO: [ view_parse ] --END-- [ RunTime:0.014854s ]
INFO: [ view_filter ] --START--
INFO: Run Behavior\WriteHtmlCacheBehavior [ RunTime:0.000436s ]
INFO: [ view_filter ] --END-- [ RunTime:0.000551s ]
INFO: [ app_end ] --START--
INFO: Run Behavior\ShowPageTraceBehavior [ RunTime:0.000655s ]
INFO: [ app_end ] --END-- [ RunTime:0.000820s ]

[ 2017-05-17T17:04:14+08:00 ] ::1 /yy/admin.php/Home/Index/cms_search.html
INFO: [ app_init ] --START--
INFO: Run Behavior\BuildLiteBehavior [ RunTime:0.000051s ]
INFO: [ app_init ] --END-- [ RunTime:0.000700s ]
INFO: [ app_begin ] --START--
INFO: Run Behavior\ReadHtmlCacheBehavior [ RunTime:0.000708s ]
INFO: [ app_begin ] --END-- [ RunTime:0.000854s ]
SQL: SHOW COLUMNS FROM `wc_users` [ RunTime:0.0401s ]
SQL: SELECT * FROM `wc_users`  [ RunTime:0.0791s ]
INFO: [ view_parse ] --START--
INFO: [ template_filter ] --START--
INFO: Run Behavior\ContentReplaceBehavior [ RunTime:0.000089s ]
INFO: [ template_filter ] --END-- [ RunTime:0.000221s ]
INFO: Run Behavior\ParseTemplateBehavior [ RunTime:0.014929s ]
INFO: [ view_parse ] --END-- [ RunTime:0.015128s ]
INFO: [ view_filter ] --START--
INFO: Run Behavior\WriteHtmlCacheBehavior [ RunTime:0.000440s ]
INFO: [ view_filter ] --END-- [ RunTime:0.000558s ]
INFO: [ app_end ] --START--
INFO: Run Behavior\ShowPageTraceBehavior [ RunTime:0.000604s ]
INFO: [ app_end ] --END-- [ RunTime:0.000754s ]

[ 2017-05-17T17:04:17+08:00 ] ::1 /yy/admin.php/Home/Index/cms_edit/cid/1.html
INFO: [ app_init ] --START--
INFO: Run Behavior\BuildLiteBehavior [ RunTime:0.000029s ]
INFO: [ app_init ] --END-- [ RunTime:0.000581s ]
INFO: [ app_begin ] --START--
INFO: Run Behavior\ReadHtmlCacheBehavior [ RunTime:0.000566s ]
INFO: [ app_begin ] --END-- [ RunTime:0.000689s ]
SQL: SHOW COLUMNS FROM `wc_users` [ RunTime:0.0499s ]
SQL: SELECT * FROM `wc_users` WHERE ( id='1' ) LIMIT 1   [ RunTime:0.0591s ]
NOTIC: [8] Undefined index: content D:\Program Files\wamp\www\yy\admin\Home\Controller\IndexController.class.php 第 68 行.
INFO: [ view_parse ] --START--
INFO: [ template_filter ] --START--
INFO: Run Behavior\ContentReplaceBehavior [ RunTime:0.000143s ]
INFO: [ template_filter ] --END-- [ RunTime:0.000341s ]
INFO: Run Behavior\ParseTemplateBehavior [ RunTime:0.013665s ]
INFO: [ view_parse ] --END-- [ RunTime:0.013822s ]
INFO: [ view_filter ] --START--
INFO: Run Behavior\WriteHtmlCacheBehavior [ RunTime:0.000386s ]
INFO: [ view_filter ] --END-- [ RunTime:0.000503s ]
INFO: [ app_end ] --START--
INFO: Run Behavior\ShowPageTraceBehavior [ RunTime:0.000638s ]
INFO: [ app_end ] --END-- [ RunTime:0.000756s ]

[ 2017-05-17T17:04:27+08:00 ] ::1 /yy/admin.php/Home/Index/cms_edit/cid/1.html
INFO: [ app_init ] --START--
INFO: Run Behavior\BuildLiteBehavior [ RunTime:0.000027s ]
INFO: [ app_init ] --END-- [ RunTime:0.000507s ]
INFO: [ app_begin ] --START--
INFO: Run Behavior\ReadHtmlCacheBehavior [ RunTime:0.000987s ]
INFO: [ app_begin ] --END-- [ RunTime:0.001178s ]
SQL: SHOW COLUMNS FROM `wc_users` [ RunTime:0.0400s ]
SQL: SELECT * FROM `wc_users` WHERE ( id='1' ) LIMIT 1   [ RunTime:0.0393s ]
NOTIC: [8] Undefined index: content D:\Program Files\wamp\www\yy\admin\Home\Controller\IndexController.class.php 第 68 行.
INFO: [ view_parse ] --START--
INFO: [ template_filter ] --START--
INFO: Run Behavior\ContentReplaceBehavior [ RunTime:0.000180s ]
INFO: [ template_filter ] --END-- [ RunTime:0.000417s ]
INFO: Run Behavior\ParseTemplateBehavior [ RunTime:0.016549s ]
INFO: [ view_parse ] --END-- [ RunTime:0.016736s ]
INFO: [ view_filter ] --START--
INFO: Run Behavior\WriteHtmlCacheBehavior [ RunTime:0.000650s ]
INFO: [ view_filter ] --END-- [ RunTime:0.000867s ]
INFO: [ app_end ] --START--
INFO: Run Behavior\ShowPageTraceBehavior [ RunTime:0.001061s ]
INFO: [ app_end ] --END-- [ RunTime:0.001275s ]

[ 2017-05-17T17:04:36+08:00 ] ::1 /yy/admin.php/Home/Index/cms_search.html
INFO: [ app_init ] --START--
INFO: Run Behavior\BuildLiteBehavior [ RunTime:0.000029s ]
INFO: [ app_init ] --END-- [ RunTime:0.000516s ]
INFO: [ app_begin ] --START--
INFO: Run Behavior\ReadHtmlCacheBehavior [ RunTime:0.001353s ]
INFO: [ app_begin ] --END-- [ RunTime:0.001607s ]
SQL: SHOW COLUMNS FROM `wc_users` [ RunTime:0.0402s ]
SQL: SELECT * FROM `wc_users` WHERE `employee` = '34'  [ RunTime:0.0490s ]
INFO: [ view_parse ] --START--
INFO: [ template_filter ] --START--
INFO: Run Behavior\ContentReplaceBehavior [ RunTime:0.000089s ]
INFO: [ template_filter ] --END-- [ RunTime:0.000239s ]
INFO: Run Behavior\ParseTemplateBehavior [ RunTime:0.014120s ]
INFO: [ view_parse ] --END-- [ RunTime:0.014269s ]
INFO: [ view_filter ] --START--
INFO: Run Behavior\WriteHtmlCacheBehavior [ RunTime:0.000445s ]
INFO: [ view_filter ] --END-- [ RunTime:0.000625s ]
INFO: [ app_end ] --START--
INFO: Run Behavior\ShowPageTraceBehavior [ RunTime:0.000636s ]
INFO: [ app_end ] --END-- [ RunTime:0.000788s ]

[ 2017-05-17T17:04:52+08:00 ] ::1 /yy/admin.php/Home/Index/cms_search.html
INFO: [ app_init ] --START--
INFO: Run Behavior\BuildLiteBehavior [ RunTime:0.000026s ]
INFO: [ app_init ] --END-- [ RunTime:0.000482s ]
INFO: [ app_begin ] --START--
INFO: Run Behavior\ReadHtmlCacheBehavior [ RunTime:0.000793s ]
INFO: [ app_begin ] --END-- [ RunTime:0.000951s ]
SQL: SHOW COLUMNS FROM `wc_users` [ RunTime:0.0501s ]
SQL: SELECT * FROM `wc_users` WHERE `employee` = '34'  [ RunTime:0.0590s ]
INFO: [ view_parse ] --START--
INFO: [ template_filter ] --START--
INFO: Run Behavior\ContentReplaceBehavior [ RunTime:0.000097s ]
INFO: [ template_filter ] --END-- [ RunTime:0.000241s ]
INFO: Run Behavior\ParseTemplateBehavior [ RunTime:0.013409s ]
INFO: [ view_parse ] --END-- [ RunTime:0.013543s ]
INFO: [ view_filter ] --START--
INFO: Run Behavior\WriteHtmlCacheBehavior [ RunTime:0.000346s ]
INFO: [ view_filter ] --END-- [ RunTime:0.000456s ]
INFO: [ app_end ] --START--
INFO: Run Behavior\ShowPageTraceBehavior [ RunTime:0.000535s ]
INFO: [ app_end ] --END-- [ RunTime:0.000645s ]

[ 2017-05-17T17:05:47+08:00 ] ::1 /yy/admin.php/Home/Index/cms_search.html
INFO: [ app_init ] --START--
INFO: Run Behavior\BuildLiteBehavior [ RunTime:0.000049s ]
INFO: [ app_init ] --END-- [ RunTime:0.000943s ]
INFO: [ app_begin ] --START--
INFO: Run Behavior\ReadHtmlCacheBehavior [ RunTime:0.001245s ]
INFO: [ app_begin ] --END-- [ RunTime:0.001507s ]
SQL: SHOW COLUMNS FROM `wc_users` [ RunTime:0.0501s ]
SQL: SELECT * FROM `wc_users` WHERE `employee` = '8'  [ RunTime:0.0598s ]
INFO: [ view_parse ] --START--
INFO: [ template_filter ] --START--
INFO: Run Behavior\ContentReplaceBehavior [ RunTime:0.000089s ]
INFO: [ template_filter ] --END-- [ RunTime:0.000218s ]
INFO: Run Behavior\ParseTemplateBehavior [ RunTime:0.015823s ]
INFO: [ view_parse ] --END-- [ RunTime:0.016038s ]
INFO: [ view_filter ] --START--
INFO: Run Behavior\WriteHtmlCacheBehavior [ RunTime:0.000596s ]
INFO: [ view_filter ] --END-- [ RunTime:0.000717s ]
INFO: [ app_end ] --START--
INFO: Run Behavior\ShowPageTraceBehavior [ RunTime:0.000723s ]
INFO: [ app_end ] --END-- [ RunTime:0.000840s ]

[ 2017-05-17T17:05:49+08:00 ] ::1 /yy/admin.php/Home/Index/cms_edit/cid/5.html
INFO: [ app_init ] --START--
INFO: Run Behavior\BuildLiteBehavior [ RunTime:0.000046s ]
INFO: [ app_init ] --END-- [ RunTime:0.000751s ]
INFO: [ app_begin ] --START--
INFO: Run Behavior\ReadHtmlCacheBehavior [ RunTime:0.000706s ]
INFO: [ app_begin ] --END-- [ RunTime:0.000916s ]
SQL: SHOW COLUMNS FROM `wc_users` [ RunTime:0.0490s ]
SQL: SELECT * FROM `wc_users` WHERE ( id='5' ) LIMIT 1   [ RunTime:0.0493s ]
NOTIC: [8] Undefined index: content D:\Program Files\wamp\www\yy\admin\Home\Controller\IndexController.class.php 第 68 行.
INFO: [ view_parse ] --START--
INFO: [ template_filter ] --START--
INFO: Run Behavior\ContentReplaceBehavior [ RunTime:0.000100s ]
INFO: [ template_filter ] --END-- [ RunTime:0.000233s ]
INFO: Run Behavior\ParseTemplateBehavior [ RunTime:0.012922s ]
INFO: [ view_parse ] --END-- [ RunTime:0.013066s ]
INFO: [ view_filter ] --START--
INFO: Run Behavior\WriteHtmlCacheBehavior [ RunTime:0.000484s ]
INFO: [ view_filter ] --END-- [ RunTime:0.000668s ]
INFO: [ app_end ] --START--
INFO: Run Behavior\ShowPageTraceBehavior [ RunTime:0.001327s ]
INFO: [ app_end ] --END-- [ RunTime:0.001559s ]

[ 2017-05-17T17:13:57+08:00 ] ::1 /yy/admin.php/Home/Index/index.html
INFO: [ app_init ] --START--
INFO: Run Behavior\BuildLiteBehavior [ RunTime:0.000036s ]
INFO: [ app_init ] --END-- [ RunTime:0.000926s ]
INFO: [ app_begin ] --START--
INFO: Run Behavior\ReadHtmlCacheBehavior [ RunTime:0.001344s ]
INFO: [ app_begin ] --END-- [ RunTime:0.001558s ]
SQL: SHOW COLUMNS FROM `wc_users` [ RunTime:0.0401s ]
SQL: SELECT * FROM `wc_users`  [ RunTime:0.0663s ]
INFO: [ view_parse ] --START--
INFO: [ template_filter ] --START--
INFO: Run Behavior\ContentReplaceBehavior [ RunTime:0.000156s ]
INFO: [ template_filter ] --END-- [ RunTime:0.000433s ]
INFO: Run Behavior\ParseTemplateBehavior [ RunTime:0.017491s ]
INFO: [ view_parse ] --END-- [ RunTime:0.017639s ]
INFO: [ view_filter ] --START--
INFO: Run Behavior\WriteHtmlCacheBehavior [ RunTime:0.000460s ]
INFO: [ view_filter ] --END-- [ RunTime:0.000578s ]
INFO: [ app_end ] --START--
INFO: Run Behavior\ShowPageTraceBehavior [ RunTime:0.000680s ]
INFO: [ app_end ] --END-- [ RunTime:0.000806s ]

[ 2017-05-17T17:18:18+08:00 ] ::1 /yy/admin.php/Home/Index/index.html
INFO: [ app_init ] --START--
INFO: Run Behavior\BuildLiteBehavior [ RunTime:0.000045s ]
INFO: [ app_init ] --END-- [ RunTime:0.001247s ]
INFO: [ app_begin ] --START--
INFO: Run Behavior\ReadHtmlCacheBehavior [ RunTime:0.001331s ]
INFO: [ app_begin ] --END-- [ RunTime:0.001476s ]
SQL: SHOW COLUMNS FROM `wc_users` [ RunTime:0.0498s ]
SQL: SELECT * FROM `wc_users`  [ RunTime:0.0694s ]
INFO: [ view_parse ] --START--
INFO: [ template_filter ] --START--
INFO: Run Behavior\ContentReplaceBehavior [ RunTime:0.000129s ]
INFO: [ template_filter ] --END-- [ RunTime:0.000312s ]
INFO: Run Behavior\ParseTemplateBehavior [ RunTime:0.058464s ]
INFO: [ view_parse ] --END-- [ RunTime:0.058612s ]
INFO: [ view_filter ] --START--
INFO: Run Behavior\WriteHtmlCacheBehavior [ RunTime:0.013359s ]
INFO: [ view_filter ] --END-- [ RunTime:0.013557s ]
INFO: [ app_end ] --START--
INFO: Run Behavior\ShowPageTraceBehavior [ RunTime:0.001447s ]
INFO: [ app_end ] --END-- [ RunTime:0.001588s ]

[ 2017-05-17T17:48:02+08:00 ] ::1 /yy/admin.php/Home/Index/index.html
INFO: [ app_init ] --START--
INFO: Run Behavior\BuildLiteBehavior [ RunTime:0.000034s ]
INFO: [ app_init ] --END-- [ RunTime:0.001689s ]
INFO: [ app_begin ] --START--
INFO: Run Behavior\ReadHtmlCacheBehavior [ RunTime:0.002004s ]
INFO: [ app_begin ] --END-- [ RunTime:0.002208s ]
SQL: SHOW COLUMNS FROM `wc_users` [ RunTime:0.0403s ]
SQL: SELECT * FROM `wc_users`  [ RunTime:0.0790s ]
INFO: [ view_parse ] --START--
INFO: [ template_filter ] --START--
INFO: Run Behavior\ContentReplaceBehavior [ RunTime:0.000091s ]
INFO: [ template_filter ] --END-- [ RunTime:0.000231s ]
INFO: Run Behavior\ParseTemplateBehavior [ RunTime:0.082317s ]
INFO: [ view_parse ] --END-- [ RunTime:0.082485s ]
INFO: [ view_filter ] --START--
INFO: Run Behavior\WriteHtmlCacheBehavior [ RunTime:0.010512s ]
INFO: [ view_filter ] --END-- [ RunTime:0.010686s ]
INFO: [ app_end ] --START--
INFO: Run Behavior\ShowPageTraceBehavior [ RunTime:0.002135s ]
INFO: [ app_end ] --END-- [ RunTime:0.002307s ]

[ 2017-05-17T17:48:13+08:00 ] ::1 /yy/admin.php/Home/Index/cms_search.html
INFO: [ app_init ] --START--
INFO: Run Behavior\BuildLiteBehavior [ RunTime:0.000029s ]
INFO: [ app_init ] --END-- [ RunTime:0.000520s ]
INFO: [ app_begin ] --START--
INFO: Run Behavior\ReadHtmlCacheBehavior [ RunTime:0.000709s ]
INFO: [ app_begin ] --END-- [ RunTime:0.000887s ]
SQL: SHOW COLUMNS FROM `wc_users` [ RunTime:0.0402s ]
SQL: SELECT * FROM `wc_users` WHERE `employee` = '8'  [ RunTime:0.0499s ]
INFO: [ view_parse ] --START--
INFO: [ template_filter ] --START--
INFO: Run Behavior\ContentReplaceBehavior [ RunTime:0.000093s ]
INFO: [ template_filter ] --END-- [ RunTime:0.000270s ]
NOTIC: [8] Undefined variable: infolist D:\Program Files\wamp\www\yy\admin\Runtime\Cache\Home\5ae49521f4b4d9eb82c877f5df4cc67d.php 第 95 行.
INFO: Run Behavior\ParseTemplateBehavior [ RunTime:0.013526s ]
INFO: [ view_parse ] --END-- [ RunTime:0.013669s ]
INFO: [ view_filter ] --START--
INFO: Run Behavior\WriteHtmlCacheBehavior [ RunTime:0.000386s ]
INFO: [ view_filter ] --END-- [ RunTime:0.000550s ]
INFO: [ app_end ] --START--
INFO: Run Behavior\ShowPageTraceBehavior [ RunTime:0.000838s ]
INFO: [ app_end ] --END-- [ RunTime:0.000991s ]

[ 2017-05-17T17:48:17+08:00 ] ::1 /yy/admin.php/Home/Index/cms_search.html
INFO: [ app_init ] --START--
INFO: Run Behavior\BuildLiteBehavior [ RunTime:0.000028s ]
INFO: [ app_init ] --END-- [ RunTime:0.000556s ]
INFO: [ app_begin ] --START--
INFO: Run Behavior\ReadHtmlCacheBehavior [ RunTime:0.000792s ]
INFO: [ app_begin ] --END-- [ RunTime:0.000973s ]
SQL: SHOW COLUMNS FROM `wc_users` [ RunTime:0.0504s ]
SQL: SELECT * FROM `wc_users` WHERE `employee` = '8'  [ RunTime:0.0588s ]
INFO: [ view_parse ] --START--
INFO: [ template_filter ] --START--
INFO: Run Behavior\ContentReplaceBehavior [ RunTime:0.000105s ]
INFO: [ template_filter ] --END-- [ RunTime:0.000284s ]
NOTIC: [8] Undefined variable: infolist D:\Program Files\wamp\www\yy\admin\Runtime\Cache\Home\5ae49521f4b4d9eb82c877f5df4cc67d.php 第 95 行.
INFO: Run Behavior\ParseTemplateBehavior [ RunTime:0.013705s ]
INFO: [ view_parse ] --END-- [ RunTime:0.013830s ]
INFO: [ view_filter ] --START--
INFO: Run Behavior\WriteHtmlCacheBehavior [ RunTime:0.000336s ]
INFO: [ view_filter ] --END-- [ RunTime:0.000444s ]
INFO: [ app_end ] --START--
INFO: Run Behavior\ShowPageTraceBehavior [ RunTime:0.000544s ]
INFO: [ app_end ] --END-- [ RunTime:0.000655s ]

[ 2017-05-17T17:48:21+08:00 ] ::1 /yy/admin.php/Home/Index/cms_search.html
INFO: [ app_init ] --START--
INFO: Run Behavior\BuildLiteBehavior [ RunTime:0.000027s ]
INFO: [ app_init ] --END-- [ RunTime:0.000499s ]
INFO: [ app_begin ] --START--
INFO: Run Behavior\ReadHtmlCacheBehavior [ RunTime:0.000568s ]
INFO: [ app_begin ] --END-- [ RunTime:0.000697s ]
SQL: SHOW COLUMNS FROM `wc_users` [ RunTime:0.0531s ]
SQL: SELECT * FROM `wc_users`  [ RunTime:0.0703s ]
INFO: [ view_parse ] --START--
INFO: [ template_filter ] --START--
INFO: Run Behavior\ContentReplaceBehavior [ RunTime:0.000094s ]
INFO: [ template_filter ] --END-- [ RunTime:0.000233s ]
NOTIC: [8] Undefined variable: infolist D:\Program Files\wamp\www\yy\admin\Runtime\Cache\Home\5ae49521f4b4d9eb82c877f5df4cc67d.php 第 95 行.
INFO: Run Behavior\ParseTemplateBehavior [ RunTime:0.013984s ]
INFO: [ view_parse ] --END-- [ RunTime:0.014115s ]
INFO: [ view_filter ] --START--
INFO: Run Behavior\WriteHtmlCacheBehavior [ RunTime:0.000442s ]
INFO: [ view_filter ] --END-- [ RunTime:0.000606s ]
INFO: [ app_end ] --START--
INFO: Run Behavior\ShowPageTraceBehavior [ RunTime:0.000737s ]
INFO: [ app_end ] --END-- [ RunTime:0.000916s ]

[ 2017-05-17T17:48:23+08:00 ] ::1 /yy/admin.php/Home/Index/cms_search.html
INFO: [ app_init ] --START--
INFO: Run Behavior\BuildLiteBehavior [ RunTime:0.000028s ]
INFO: [ app_init ] --END-- [ RunTime:0.000489s ]
INFO: [ app_begin ] --START--
INFO: Run Behavior\ReadHtmlCacheBehavior [ RunTime:0.000894s ]
INFO: [ app_begin ] --END-- [ RunTime:0.001058s ]
SQL: SHOW COLUMNS FROM `wc_users` [ RunTime:0.0443s ]
SQL: SELECT * FROM `wc_users`  [ RunTime:0.0989s ]
INFO: [ view_parse ] --START--
INFO: [ template_filter ] --START--
INFO: Run Behavior\ContentReplaceBehavior [ RunTime:0.000152s ]
INFO: [ template_filter ] --END-- [ RunTime:0.000388s ]
NOTIC: [8] Undefined variable: infolist D:\Program Files\wamp\www\yy\admin\Runtime\Cache\Home\5ae49521f4b4d9eb82c877f5df4cc67d.php 第 95 行.
INFO: Run Behavior\ParseTemplateBehavior [ RunTime:0.016607s ]
INFO: [ view_parse ] --END-- [ RunTime:0.016757s ]
INFO: [ view_filter ] --START--
INFO: Run Behavior\WriteHtmlCacheBehavior [ RunTime:0.000396s ]
INFO: [ view_filter ] --END-- [ RunTime:0.000568s ]
INFO: [ app_end ] --START--
INFO: Run Behavior\ShowPageTraceBehavior [ RunTime:0.000899s ]
INFO: [ app_end ] --END-- [ RunTime:0.001098s ]

[ 2017-05-17T17:48:27+08:00 ] ::1 /yy/admin.php/Home/Index/cms_search.html
INFO: [ app_init ] --START--
INFO: Run Behavior\BuildLiteBehavior [ RunTime:0.000046s ]
INFO: [ app_init ] --END-- [ RunTime:0.000581s ]
INFO: [ app_begin ] --START--
INFO: Run Behavior\ReadHtmlCacheBehavior [ RunTime:0.000924s ]
INFO: [ app_begin ] --END-- [ RunTime:0.001082s ]
INFO: [ view_parse ] --START--
INFO: [ template_filter ] --START--
INFO: Run Behavior\ContentReplaceBehavior [ RunTime:0.000088s ]
INFO: [ template_filter ] --END-- [ RunTime:0.000220s ]
NOTIC: [8] Undefined variable: infolist D:\Program Files\wamp\www\yy\admin\Runtime\Cache\Home\5ae49521f4b4d9eb82c877f5df4cc67d.php 第 95 行.
INFO: Run Behavior\ParseTemplateBehavior [ RunTime:0.013717s ]
INFO: [ view_parse ] --END-- [ RunTime:0.013929s ]
INFO: [ view_filter ] --START--
INFO: Run Behavior\WriteHtmlCacheBehavior [ RunTime:0.000525s ]
INFO: [ view_filter ] --END-- [ RunTime:0.000679s ]
INFO: [ app_end ] --START--
INFO: Run Behavior\ShowPageTraceBehavior [ RunTime:0.000810s ]
INFO: [ app_end ] --END-- [ RunTime:0.000957s ]

[ 2017-05-17T17:48:30+08:00 ] ::1 /yy/admin.php/Home/Index/index.html
INFO: [ app_init ] --START--
INFO: Run Behavior\BuildLiteBehavior [ RunTime:0.000049s ]
INFO: [ app_init ] --END-- [ RunTime:0.000857s ]
INFO: [ app_begin ] --START--
INFO: Run Behavior\ReadHtmlCacheBehavior [ RunTime:0.000893s ]
INFO: [ app_begin ] --END-- [ RunTime:0.001045s ]
SQL: SHOW COLUMNS FROM `wc_users` [ RunTime:0.0501s ]
SQL: SELECT * FROM `wc_users`  [ RunTime:0.0783s ]
INFO: [ view_parse ] --START--
INFO: [ template_filter ] --START--
INFO: Run Behavior\ContentReplaceBehavior [ RunTime:0.000101s ]
INFO: [ template_filter ] --END-- [ RunTime:0.000253s ]
INFO: Run Behavior\ParseTemplateBehavior [ RunTime:0.016120s ]
INFO: [ view_parse ] --END-- [ RunTime:0.016297s ]
INFO: [ view_filter ] --START--
INFO: Run Behavior\WriteHtmlCacheBehavior [ RunTime:0.000464s ]
INFO: [ view_filter ] --END-- [ RunTime:0.000599s ]
INFO: [ app_end ] --START--
INFO: Run Behavior\ShowPageTraceBehavior [ RunTime:0.000674s ]
INFO: [ app_end ] --END-- [ RunTime:0.000827s ]

[ 2017-05-17T17:48:32+08:00 ] ::1 /yy/admin.php/Home/Index/cms_edit/cid/5.html
INFO: [ app_init ] --START--
INFO: Run Behavior\BuildLiteBehavior [ RunTime:0.000069s ]
INFO: [ app_init ] --END-- [ RunTime:0.000965s ]
INFO: [ app_begin ] --START--
INFO: Run Behavior\ReadHtmlCacheBehavior [ RunTime:0.000748s ]
INFO: [ app_begin ] --END-- [ RunTime:0.000944s ]
SQL: SHOW COLUMNS FROM `wc_users` [ RunTime:0.0503s ]
SQL: SELECT * FROM `wc_users` WHERE ( id='5' ) LIMIT 1   [ RunTime:0.0491s ]
NOTIC: [8] Undefined index: content D:\Program Files\wamp\www\yy\admin\Home\Controller\IndexController.class.php 第 68 行.
INFO: [ view_parse ] --START--
INFO: [ template_filter ] --START--
INFO: Run Behavior\ContentReplaceBehavior [ RunTime:0.000100s ]
INFO: [ template_filter ] --END-- [ RunTime:0.000229s ]
INFO: Run Behavior\ParseTemplateBehavior [ RunTime:0.053969s ]
INFO: [ view_parse ] --END-- [ RunTime:0.054101s ]
INFO: [ view_filter ] --START--
INFO: Run Behavior\WriteHtmlCacheBehavior [ RunTime:0.000345s ]
INFO: [ view_filter ] --END-- [ RunTime:0.000454s ]
INFO: [ app_end ] --START--
INFO: Run Behavior\ShowPageTraceBehavior [ RunTime:0.000540s ]
INFO: [ app_end ] --END-- [ RunTime:0.000701s ]

[ 2017-05-17T17:48:40+08:00 ] ::1 /yy/admin.php/Home/Index/cms_search.html
INFO: [ app_init ] --START--
INFO: Run Behavior\BuildLiteBehavior [ RunTime:0.000071s ]
INFO: [ app_init ] --END-- [ RunTime:0.001234s ]
INFO: [ app_begin ] --START--
INFO: Run Behavior\ReadHtmlCacheBehavior [ RunTime:0.001046s ]
INFO: [ app_begin ] --END-- [ RunTime:0.001311s ]
SQL: SHOW COLUMNS FROM `wc_users` [ RunTime:0.0506s ]
SQL: SELECT * FROM `wc_users` WHERE `employee` = '8'  [ RunTime:0.0507s ]
INFO: [ view_parse ] --START--
INFO: [ template_filter ] --START--
INFO: Run Behavior\ContentReplaceBehavior [ RunTime:0.000106s ]
INFO: [ template_filter ] --END-- [ RunTime:0.000278s ]
NOTIC: [8] Undefined variable: infolist D:\Program Files\wamp\www\yy\admin\Runtime\Cache\Home\5ae49521f4b4d9eb82c877f5df4cc67d.php 第 95 行.
INFO: Run Behavior\ParseTemplateBehavior [ RunTime:0.017809s ]
INFO: [ view_parse ] --END-- [ RunTime:0.018004s ]
INFO: [ view_filter ] --START--
INFO: Run Behavior\WriteHtmlCacheBehavior [ RunTime:0.000428s ]
INFO: [ view_filter ] --END-- [ RunTime:0.000559s ]
INFO: [ app_end ] --START--
INFO: Run Behavior\ShowPageTraceBehavior [ RunTime:0.000774s ]
INFO: [ app_end ] --END-- [ RunTime:0.000925s ]

[ 2017-05-17T17:49:01+08:00 ] ::1 /yy/admin.php/Home/Index/cms_search.html
INFO: [ app_init ] --START--
INFO: Run Behavior\BuildLiteBehavior [ RunTime:0.000028s ]
INFO: [ app_init ] --END-- [ RunTime:0.000494s ]
INFO: [ app_begin ] --START--
INFO: Run Behavior\ReadHtmlCacheBehavior [ RunTime:0.000582s ]
INFO: [ app_begin ] --END-- [ RunTime:0.000711s ]
SQL: SHOW COLUMNS FROM `wc_users` [ RunTime:0.0481s ]
SQL: SELECT * FROM `wc_users` WHERE `employee` = '8'  [ RunTime:0.0591s ]
INFO: [ view_parse ] --START--
INFO: [ template_filter ] --START--
INFO: Run Behavior\ContentReplaceBehavior [ RunTime:0.000138s ]
INFO: [ template_filter ] --END-- [ RunTime:0.000365s ]
NOTIC: [8] Undefined variable: infolist D:\Program Files\wamp\www\yy\admin\Runtime\Cache\Home\5ae49521f4b4d9eb82c877f5df4cc67d.php 第 95 行.
INFO: Run Behavior\ParseTemplateBehavior [ RunTime:0.013916s ]
INFO: [ view_parse ] --END-- [ RunTime:0.014043s ]
INFO: [ view_filter ] --START--
INFO: Run Behavior\WriteHtmlCacheBehavior [ RunTime:0.000420s ]
INFO: [ view_filter ] --END-- [ RunTime:0.000549s ]
INFO: [ app_end ] --START--
INFO: Run Behavior\ShowPageTraceBehavior [ RunTime:0.000604s ]
INFO: [ app_end ] --END-- [ RunTime:0.000725s ]

[ 2017-05-17T17:49:34+08:00 ] ::1 /yy/admin.php/Home/Index/cms_search.html
INFO: [ app_init ] --START--
INFO: Run Behavior\BuildLiteBehavior [ RunTime:0.000032s ]
INFO: [ app_init ] --END-- [ RunTime:0.000744s ]
INFO: [ app_begin ] --START--
INFO: Run Behavior\ReadHtmlCacheBehavior [ RunTime:0.000705s ]
INFO: [ app_begin ] --END-- [ RunTime:0.000831s ]
SQL: SHOW COLUMNS FROM `wc_users` [ RunTime:0.0494s ]
SQL: SELECT * FROM `wc_users` WHERE `employee` = '8'  [ RunTime:0.0598s ]
INFO: [ view_parse ] --START--
INFO: [ template_filter ] --START--
INFO: Run Behavior\ContentReplaceBehavior [ RunTime:0.000101s ]
INFO: [ template_filter ] --END-- [ RunTime:0.000253s ]
INFO: Run Behavior\ParseTemplateBehavior [ RunTime:0.014989s ]
INFO: [ view_parse ] --END-- [ RunTime:0.015131s ]
INFO: [ view_filter ] --START--
INFO: Run Behavior\WriteHtmlCacheBehavior [ RunTime:0.000527s ]
INFO: [ view_filter ] --END-- [ RunTime:0.000657s ]
INFO: [ app_end ] --START--
INFO: Run Behavior\ShowPageTraceBehavior [ RunTime:0.000740s ]
INFO: [ app_end ] --END-- [ RunTime:0.000854s ]

[ 2017-05-17T18:35:09+08:00 ] ::1 /yy/admin.php/Home/Index/cms_search.html?action=export
INFO: [ app_init ] --START--
INFO: Run Behavior\BuildLiteBehavior [ RunTime:0.000030s ]
INFO: [ app_init ] --END-- [ RunTime:0.001032s ]
INFO: [ app_begin ] --START--
INFO: Run Behavior\ReadHtmlCacheBehavior [ RunTime:0.001051s ]
INFO: [ app_begin ] --END-- [ RunTime:0.001180s ]
NOTIC: [8] Undefined variable: infolist D:\Program Files\wamp\www\yy\admin\Home\Controller\IndexController.class.php 第 93 行.
INFO: [ view_parse ] --START--
INFO: [ template_filter ] --START--
INFO: Run Behavior\ContentReplaceBehavior [ RunTime:0.000113s ]
INFO: [ template_filter ] --END-- [ RunTime:0.000243s ]
INFO: Run Behavior\ParseTemplateBehavior [ RunTime:0.071953s ]
INFO: [ view_parse ] --END-- [ RunTime:0.072088s ]
INFO: [ view_filter ] --START--
INFO: Run Behavior\WriteHtmlCacheBehavior [ RunTime:0.000836s ]
INFO: [ view_filter ] --END-- [ RunTime:0.000997s ]
INFO: [ app_end ] --START--
INFO: Run Behavior\ShowPageTraceBehavior [ RunTime:0.001335s ]
INFO: [ app_end ] --END-- [ RunTime:0.001469s ]

[ 2017-05-17T18:35:24+08:00 ] ::1 /yy/admin.php/Home/Index/cms_search.html
INFO: [ app_init ] --START--
INFO: Run Behavior\BuildLiteBehavior [ RunTime:0.000050s ]
INFO: [ app_init ] --END-- [ RunTime:0.000790s ]
INFO: [ app_begin ] --START--
INFO: Run Behavior\ReadHtmlCacheBehavior [ RunTime:0.000825s ]
INFO: [ app_begin ] --END-- [ RunTime:0.001073s ]
SQL: SHOW COLUMNS FROM `wc_users` [ RunTime:0.0504s ]
SQL: SELECT * FROM `wc_users` WHERE `employee` = '8'  [ RunTime:0.0488s ]
INFO: [ view_parse ] --START--
INFO: [ template_filter ] --START--
INFO: Run Behavior\ContentReplaceBehavior [ RunTime:0.000105s ]
INFO: [ template_filter ] --END-- [ RunTime:0.000256s ]
INFO: Run Behavior\ParseTemplateBehavior [ RunTime:0.015136s ]
INFO: [ view_parse ] --END-- [ RunTime:0.015312s ]
INFO: [ view_filter ] --START--
INFO: Run Behavior\WriteHtmlCacheBehavior [ RunTime:0.000335s ]
INFO: [ view_filter ] --END-- [ RunTime:0.000456s ]
INFO: [ app_end ] --START--
INFO: Run Behavior\ShowPageTraceBehavior [ RunTime:0.000591s ]
INFO: [ app_end ] --END-- [ RunTime:0.000710s ]

[ 2017-05-17T18:38:47+08:00 ] ::1 /yy/admin.php/Home/Index/cms_search.html
INFO: [ app_init ] --START--
INFO: Run Behavior\BuildLiteBehavior [ RunTime:0.000050s ]
INFO: [ app_init ] --END-- [ RunTime:0.000848s ]
INFO: [ app_begin ] --START--
INFO: Run Behavior\ReadHtmlCacheBehavior [ RunTime:0.001001s ]
INFO: [ app_begin ] --END-- [ RunTime:0.001198s ]
NOTIC: [8] Undefined variable: infolist D:\Program Files\wamp\www\yy\admin\Home\Controller\IndexController.class.php 第 93 行.
INFO: [ view_parse ] --START--
INFO: [ template_filter ] --START--
INFO: Run Behavior\ContentReplaceBehavior [ RunTime:0.000147s ]
INFO: [ template_filter ] --END-- [ RunTime:0.000377s ]
INFO: Run Behavior\ParseTemplateBehavior [ RunTime:0.022925s ]
INFO: [ view_parse ] --END-- [ RunTime:0.023194s ]
INFO: [ view_filter ] --START--
INFO: Run Behavior\WriteHtmlCacheBehavior [ RunTime:0.000681s ]
INFO: [ view_filter ] --END-- [ RunTime:0.000899s ]
INFO: [ app_end ] --START--
INFO: Run Behavior\ShowPageTraceBehavior [ RunTime:0.000812s ]
INFO: [ app_end ] --END-- [ RunTime:0.000979s ]

[ 2017-05-17T18:38:52+08:00 ] ::1 /yy/admin.php/Home/Index/cms_search.html
INFO: [ app_init ] --START--
INFO: Run Behavior\BuildLiteBehavior [ RunTime:0.000028s ]
INFO: [ app_init ] --END-- [ RunTime:0.000488s ]
INFO: [ app_begin ] --START--
INFO: Run Behavior\ReadHtmlCacheBehavior [ RunTime:0.000525s ]
INFO: [ app_begin ] --END-- [ RunTime:0.000645s ]
SQL: SHOW COLUMNS FROM `wc_users` [ RunTime:0.0501s ]
SQL: SELECT * FROM `wc_users` WHERE `employee` = '8'  [ RunTime:0.0600s ]
NOTIC: [8] Undefined variable: info_list D:\Program Files\wamp\www\yy\admin\Home\Controller\IndexController.class.php 第 169 行.
NOTIC: [2] Invalid argument supplied for foreach() D:\Program Files\wamp\www\yy\admin\Home\Controller\IndexController.class.php 第 169 行.
NOTIC: [8] Undefined variable: headArr D:\Program Files\wamp\www\yy\admin\Home\Controller\IndexController.class.php 第 223 行.
NOTIC: [2] Invalid argument supplied for foreach() D:\Program Files\wamp\www\yy\admin\Home\Controller\IndexController.class.php 第 242 行.

[ 2017-05-17T18:45:29+08:00 ] ::1 /yy/admin.php/Home/Index/cms_search.html
INFO: [ app_init ] --START--
INFO: Run Behavior\BuildLiteBehavior [ RunTime:0.000050s ]
INFO: [ app_init ] --END-- [ RunTime:0.000884s ]
INFO: [ app_begin ] --START--
INFO: Run Behavior\ReadHtmlCacheBehavior [ RunTime:0.001224s ]
INFO: [ app_begin ] --END-- [ RunTime:0.001457s ]
SQL: SHOW COLUMNS FROM `wc_users` [ RunTime:0.0401s ]
SQL: SELECT * FROM `wc_users` WHERE `employee` = '8'  [ RunTime:0.0401s ]
INFO: [ view_parse ] --START--
INFO: [ template_filter ] --START--
INFO: Run Behavior\ContentReplaceBehavior [ RunTime:0.000112s ]
INFO: [ template_filter ] --END-- [ RunTime:0.000288s ]
INFO: Run Behavior\ParseTemplateBehavior [ RunTime:0.015944s ]
INFO: [ view_parse ] --END-- [ RunTime:0.016087s ]
INFO: [ view_filter ] --START--
INFO: Run Behavior\WriteHtmlCacheBehavior [ RunTime:0.000572s ]
INFO: [ view_filter ] --END-- [ RunTime:0.000693s ]
INFO: [ app_end ] --START--
INFO: Run Behavior\ShowPageTraceBehavior [ RunTime:0.000836s ]
INFO: [ app_end ] --END-- [ RunTime:0.001018s ]

[ 2017-05-17T18:49:58+08:00 ] ::1 /yy/admin.php/Home/Index/cms_search.html
INFO: [ app_init ] --START--
INFO: Run Behavior\BuildLiteBehavior [ RunTime:0.000027s ]
INFO: [ app_init ] --END-- [ RunTime:0.000498s ]
INFO: [ app_begin ] --START--
INFO: Run Behavior\ReadHtmlCacheBehavior [ RunTime:0.000768s ]
INFO: [ app_begin ] --END-- [ RunTime:0.000906s ]
SQL: SHOW COLUMNS FROM `wc_users` [ RunTime:0.0410s ]
SQL: SELECT * FROM `wc_users` WHERE `employee` = '8'  [ RunTime:0.0490s ]
NOTIC: [8] Undefined variable: info_list D:\Program Files\wamp\www\yy\admin\Home\Controller\IndexController.class.php 第 169 行.
NOTIC: [2] Invalid argument supplied for foreach() D:\Program Files\wamp\www\yy\admin\Home\Controller\IndexController.class.php 第 169 行.
NOTIC: [8] Undefined variable: goods_list D:\Program Files\wamp\www\yy\admin\Home\Controller\IndexController.class.php 第 181 行.

[ 2017-05-17T18:50:17+08:00 ] ::1 /yy/admin.php/Home/Index/cms_search.html
INFO: [ app_init ] --START--
INFO: Run Behavior\BuildLiteBehavior [ RunTime:0.000027s ]
INFO: [ app_init ] --END-- [ RunTime:0.000510s ]
INFO: [ app_begin ] --START--
INFO: Run Behavior\ReadHtmlCacheBehavior [ RunTime:0.000711s ]
INFO: [ app_begin ] --END-- [ RunTime:0.000835s ]
SQL: SHOW COLUMNS FROM `wc_users` [ RunTime:0.0430s ]
SQL: SELECT * FROM `wc_users` WHERE `employee` = '8'  [ RunTime:0.0472s ]

[ 2017-05-17T18:50:32+08:00 ] ::1 /yy/admin.php/Home/Index/cms_search.html
INFO: [ app_init ] --START--
INFO: Run Behavior\BuildLiteBehavior [ RunTime:0.000028s ]
INFO: [ app_init ] --END-- [ RunTime:0.000462s ]
INFO: [ app_begin ] --START--
INFO: Run Behavior\ReadHtmlCacheBehavior [ RunTime:0.000554s ]
INFO: [ app_begin ] --END-- [ RunTime:0.000672s ]
SQL: SHOW COLUMNS FROM `wc_users` [ RunTime:0.0501s ]
SQL: SELECT * FROM `wc_users` WHERE `employee` = '8'  [ RunTime:0.0487s ]
NOTIC: [8] Undefined variable: info_list D:\Program Files\wamp\www\yy\admin\Home\Controller\IndexController.class.php 第 169 行.
NOTIC: [2] Invalid argument supplied for foreach() D:\Program Files\wamp\www\yy\admin\Home\Controller\IndexController.class.php 第 169 行.

[ 2017-05-17T18:51:00+08:00 ] ::1 /yy/admin.php/Home/Index/cms_search.html
INFO: [ app_init ] --START--
INFO: Run Behavior\BuildLiteBehavior [ RunTime:0.000045s ]
INFO: [ app_init ] --END-- [ RunTime:0.000547s ]
INFO: [ app_begin ] --START--
INFO: Run Behavior\ReadHtmlCacheBehavior [ RunTime:0.000862s ]
INFO: [ app_begin ] --END-- [ RunTime:0.001025s ]
SQL: SHOW COLUMNS FROM `wc_users` [ RunTime:0.0500s ]
SQL: SELECT * FROM `wc_users` WHERE `employee` = '8'  [ RunTime:0.0600s ]
NOTIC: [8] Undefined variable: info_list D:\Program Files\wamp\www\yy\admin\Home\Controller\IndexController.class.php 第 169 行.
NOTIC: [2] Invalid argument supplied for foreach() D:\Program Files\wamp\www\yy\admin\Home\Controller\IndexController.class.php 第 169 行.

[ 2017-05-17T18:51:08+08:00 ] ::1 /yy/admin.php/Home/Index/cms_search.html
INFO: [ app_init ] --START--
INFO: Run Behavior\BuildLiteBehavior [ RunTime:0.000029s ]
INFO: [ app_init ] --END-- [ RunTime:0.000505s ]
INFO: [ app_begin ] --START--
INFO: Run Behavior\ReadHtmlCacheBehavior [ RunTime:0.000906s ]
INFO: [ app_begin ] --END-- [ RunTime:0.001171s ]
SQL: SHOW COLUMNS FROM `wc_users` [ RunTime:0.0496s ]
SQL: SELECT * FROM `wc_users` WHERE `employee` = '8'  [ RunTime:0.0590s ]
NOTIC: [8] Undefined variable: info_list D:\Program Files\wamp\www\yy\admin\Home\Controller\IndexController.class.php 第 169 行.
NOTIC: [2] Invalid argument supplied for foreach() D:\Program Files\wamp\www\yy\admin\Home\Controller\IndexController.class.php 第 169 行.

[ 2017-05-17T18:51:13+08:00 ] ::1 /yy/admin.php/Home/Index/cms_search.html
INFO: [ app_init ] --START--
INFO: Run Behavior\BuildLiteBehavior [ RunTime:0.000025s ]
INFO: [ app_init ] --END-- [ RunTime:0.000457s ]
INFO: [ app_begin ] --START--
INFO: Run Behavior\ReadHtmlCacheBehavior [ RunTime:0.000526s ]
INFO: [ app_begin ] --END-- [ RunTime:0.000644s ]
SQL: SHOW COLUMNS FROM `wc_users` [ RunTime:0.0500s ]
SQL: SELECT * FROM `wc_users` WHERE `employee` = '8'  [ RunTime:0.0497s ]
NOTIC: [8] Undefined variable: info_list D:\Program Files\wamp\www\yy\admin\Home\Controller\IndexController.class.php 第 169 行.
NOTIC: [2] Invalid argument supplied for foreach() D:\Program Files\wamp\www\yy\admin\Home\Controller\IndexController.class.php 第 169 行.

[ 2017-05-17T18:51:33+08:00 ] ::1 /yy/admin.php/Home/Index/cms_search.html
INFO: [ app_init ] --START--
INFO: Run Behavior\BuildLiteBehavior [ RunTime:0.000028s ]
INFO: [ app_init ] --END-- [ RunTime:0.000474s ]
INFO: [ app_begin ] --START--
INFO: Run Behavior\ReadHtmlCacheBehavior [ RunTime:0.000563s ]
INFO: [ app_begin ] --END-- [ RunTime:0.000681s ]
SQL: SHOW COLUMNS FROM `wc_users` [ RunTime:0.0411s ]
SQL: SELECT * FROM `wc_users` WHERE `employee` = '8'  [ RunTime:0.0481s ]

[ 2017-05-17T18:51:39+08:00 ] ::1 /yy/admin.php/Home/Index/cms_search.html
INFO: [ app_init ] --START--
INFO: Run Behavior\BuildLiteBehavior [ RunTime:0.000040s ]
INFO: [ app_init ] --END-- [ RunTime:0.000716s ]
INFO: [ app_begin ] --START--
INFO: Run Behavior\ReadHtmlCacheBehavior [ RunTime:0.000912s ]
INFO: [ app_begin ] --END-- [ RunTime:0.001138s ]
SQL: SHOW COLUMNS FROM `wc_users` [ RunTime:0.0483s ]
SQL: SELECT * FROM `wc_users` WHERE `employee` = '8'  [ RunTime:0.0396s ]
NOTIC: [8] Use of undefined constant id - assumed 'id' D:\Program Files\wamp\www\yy\admin\Home\Controller\IndexController.class.php 第 171 行.
NOTIC: [8] Use of undefined constant companyname - assumed 'companyname' D:\Program Files\wamp\www\yy\admin\Home\Controller\IndexController.class.php 第 172 行.
NOTIC: [8] Use of undefined constant principal - assumed 'principal' D:\Program Files\wamp\www\yy\admin\Home\Controller\IndexController.class.php 第 173 行.
NOTIC: [8] Use of undefined constant email - assumed 'email' D:\Program Files\wamp\www\yy\admin\Home\Controller\IndexController.class.php 第 174 行.
NOTIC: [8] Use of undefined constant lytotalrevenue - assumed 'lytotalrevenue' D:\Program Files\wamp\www\yy\admin\Home\Controller\IndexController.class.php 第 175 行.
NOTIC: [8] Use of undefined constant lyratal - assumed 'lyratal' D:\Program Files\wamp\www\yy\admin\Home\Controller\IndexController.class.php 第 176 行.
NOTIC: [8] Use of undefined constant tytotalrevenue - assumed 'tytotalrevenue' D:\Program Files\wamp\www\yy\admin\Home\Controller\IndexController.class.php 第 177 行.
NOTIC: [8] Use of undefined constant tyratal - assumed 'tyratal' D:\Program Files\wamp\www\yy\admin\Home\Controller\IndexController.class.php 第 178 行.
NOTIC: [8] Use of undefined constant patent - assumed 'patent' D:\Program Files\wamp\www\yy\admin\Home\Controller\IndexController.class.php 第 179 行.
NOTIC: [8] Use of undefined constant id - assumed 'id' D:\Program Files\wamp\www\yy\admin\Home\Controller\IndexController.class.php 第 171 行.
NOTIC: [8] Use of undefined constant companyname - assumed 'companyname' D:\Program Files\wamp\www\yy\admin\Home\Controller\IndexController.class.php 第 172 行.
NOTIC: [8] Use of undefined constant principal - assumed 'principal' D:\Program Files\wamp\www\yy\admin\Home\Controller\IndexController.class.php 第 173 行.
NOTIC: [8] Use of undefined constant email - assumed 'email' D:\Program Files\wamp\www\yy\admin\Home\Controller\IndexController.class.php 第 174 行.
NOTIC: [8] Use of undefined constant lytotalrevenue - assumed 'lytotalrevenue' D:\Program Files\wamp\www\yy\admin\Home\Controller\IndexController.class.php 第 175 行.
NOTIC: [8] Use of undefined constant lyratal - assumed 'lyratal' D:\Program Files\wamp\www\yy\admin\Home\Controller\IndexController.class.php 第 176 行.
NOTIC: [8] Use of undefined constant tytotalrevenue - assumed 'tytotalrevenue' D:\Program Files\wamp\www\yy\admin\Home\Controller\IndexController.class.php 第 177 行.
NOTIC: [8] Use of undefined constant tyratal - assumed 'tyratal' D:\Program Files\wamp\www\yy\admin\Home\Controller\IndexController.class.php 第 178 行.
NOTIC: [8] Use of undefined constant patent - assumed 'patent' D:\Program Files\wamp\www\yy\admin\Home\Controller\IndexController.class.php 第 179 行.

[ 2017-05-17T18:51:45+08:00 ] ::1 /yy/admin.php/Home/Index/cms_search.html
INFO: [ app_init ] --START--
INFO: Run Behavior\BuildLiteBehavior [ RunTime:0.000027s ]
INFO: [ app_init ] --END-- [ RunTime:0.000494s ]
INFO: [ app_begin ] --START--
INFO: Run Behavior\ReadHtmlCacheBehavior [ RunTime:0.000610s ]
INFO: [ app_begin ] --END-- [ RunTime:0.000739s ]
SQL: SHOW COLUMNS FROM `wc_users` [ RunTime:0.0496s ]
SQL: SELECT * FROM `wc_users` WHERE `employee` = '8'  [ RunTime:0.0404s ]
NOTIC: [8] Use of undefined constant id - assumed 'id' D:\Program Files\wamp\www\yy\admin\Home\Controller\IndexController.class.php 第 171 行.
NOTIC: [8] Use of undefined constant companyname - assumed 'companyname' D:\Program Files\wamp\www\yy\admin\Home\Controller\IndexController.class.php 第 172 行.
NOTIC: [8] Use of undefined constant principal - assumed 'principal' D:\Program Files\wamp\www\yy\admin\Home\Controller\IndexController.class.php 第 173 行.
NOTIC: [8] Use of undefined constant email - assumed 'email' D:\Program Files\wamp\www\yy\admin\Home\Controller\IndexController.class.php 第 174 行.
NOTIC: [8] Use of undefined constant lytotalrevenue - assumed 'lytotalrevenue' D:\Program Files\wamp\www\yy\admin\Home\Controller\IndexController.class.php 第 175 行.
NOTIC: [8] Use of undefined constant lyratal - assumed 'lyratal' D:\Program Files\wamp\www\yy\admin\Home\Controller\IndexController.class.php 第 176 行.
NOTIC: [8] Use of undefined constant tytotalrevenue - assumed 'tytotalrevenue' D:\Program Files\wamp\www\yy\admin\Home\Controller\IndexController.class.php 第 177 行.
NOTIC: [8] Use of undefined constant tyratal - assumed 'tyratal' D:\Program Files\wamp\www\yy\admin\Home\Controller\IndexController.class.php 第 178 行.
NOTIC: [8] Use of undefined constant patent - assumed 'patent' D:\Program Files\wamp\www\yy\admin\Home\Controller\IndexController.class.php 第 179 行.
NOTIC: [8] Use of undefined constant id - assumed 'id' D:\Program Files\wamp\www\yy\admin\Home\Controller\IndexController.class.php 第 171 行.
NOTIC: [8] Use of undefined constant companyname - assumed 'companyname' D:\Program Files\wamp\www\yy\admin\Home\Controller\IndexController.class.php 第 172 行.
NOTIC: [8] Use of undefined constant principal - assumed 'principal' D:\Program Files\wamp\www\yy\admin\Home\Controller\IndexController.class.php 第 173 行.
NOTIC: [8] Use of undefined constant email - assumed 'email' D:\Program Files\wamp\www\yy\admin\Home\Controller\IndexController.class.php 第 174 行.
NOTIC: [8] Use of undefined constant lytotalrevenue - assumed 'lytotalrevenue' D:\Program Files\wamp\www\yy\admin\Home\Controller\IndexController.class.php 第 175 行.
NOTIC: [8] Use of undefined constant lyratal - assumed 'lyratal' D:\Program Files\wamp\www\yy\admin\Home\Controller\IndexController.class.php 第 176 行.
NOTIC: [8] Use of undefined constant tytotalrevenue - assumed 'tytotalrevenue' D:\Program Files\wamp\www\yy\admin\Home\Controller\IndexController.class.php 第 177 行.
NOTIC: [8] Use of undefined constant tyratal - assumed 'tyratal' D:\Program Files\wamp\www\yy\admin\Home\Controller\IndexController.class.php 第 178 行.
NOTIC: [8] Use of undefined constant patent - assumed 'patent' D:\Program Files\wamp\www\yy\admin\Home\Controller\IndexController.class.php 第 179 行.

[ 2017-05-17T18:55:29+08:00 ] ::1 /yy/admin.php/Home/Index/cms_search.html
INFO: [ app_init ] --START--
INFO: Run Behavior\BuildLiteBehavior [ RunTime:0.000031s ]
INFO: [ app_init ] --END-- [ RunTime:0.000808s ]
INFO: [ app_begin ] --START--
INFO: Run Behavior\ReadHtmlCacheBehavior [ RunTime:0.001224s ]
INFO: [ app_begin ] --END-- [ RunTime:0.001423s ]
NOTIC: [8] Undefined variable: infolist D:\Program Files\wamp\www\yy\admin\Home\Controller\IndexController.class.php 第 93 行.
INFO: [ view_parse ] --START--
INFO: [ template_filter ] --START--
INFO: Run Behavior\ContentReplaceBehavior [ RunTime:0.000098s ]
INFO: [ template_filter ] --END-- [ RunTime:0.000248s ]
INFO: Run Behavior\ParseTemplateBehavior [ RunTime:0.015945s ]
INFO: [ view_parse ] --END-- [ RunTime:0.016089s ]
INFO: [ view_filter ] --START--
INFO: Run Behavior\WriteHtmlCacheBehavior [ RunTime:0.000539s ]
INFO: [ view_filter ] --END-- [ RunTime:0.000668s ]
INFO: [ app_end ] --START--
INFO: Run Behavior\ShowPageTraceBehavior [ RunTime:0.000770s ]
INFO: [ app_end ] --END-- [ RunTime:0.000893s ]

[ 2017-05-17T18:55:30+08:00 ] ::1 /yy/admin.php/Home/Index/cms_search.html
INFO: [ app_init ] --START--
INFO: Run Behavior\BuildLiteBehavior [ RunTime:0.000028s ]
INFO: [ app_init ] --END-- [ RunTime:0.000500s ]
INFO: [ app_begin ] --START--
INFO: Run Behavior\ReadHtmlCacheBehavior [ RunTime:0.000709s ]
INFO: [ app_begin ] --END-- [ RunTime:0.000839s ]
NOTIC: [8] Undefined variable: infolist D:\Program Files\wamp\www\yy\admin\Home\Controller\IndexController.class.php 第 93 行.
INFO: [ view_parse ] --START--
INFO: [ template_filter ] --START--
INFO: Run Behavior\ContentReplaceBehavior [ RunTime:0.000091s ]
INFO: [ template_filter ] --END-- [ RunTime:0.000257s ]
INFO: Run Behavior\ParseTemplateBehavior [ RunTime:0.016140s ]
INFO: [ view_parse ] --END-- [ RunTime:0.016320s ]
INFO: [ view_filter ] --START--
INFO: Run Behavior\WriteHtmlCacheBehavior [ RunTime:0.000569s ]
INFO: [ view_filter ] --END-- [ RunTime:0.000691s ]
INFO: [ app_end ] --START--
INFO: Run Behavior\ShowPageTraceBehavior [ RunTime:0.001077s ]
INFO: [ app_end ] --END-- [ RunTime:0.001330s ]

[ 2017-05-17T18:55:36+08:00 ] ::1 /yy/admin.php/Home/Index/cms_search.html
INFO: [ app_init ] --START--
INFO: Run Behavior\BuildLiteBehavior [ RunTime:0.000027s ]
INFO: [ app_init ] --END-- [ RunTime:0.000548s ]
INFO: [ app_begin ] --START--
INFO: Run Behavior\ReadHtmlCacheBehavior [ RunTime:0.000671s ]
INFO: [ app_begin ] --END-- [ RunTime:0.000790s ]
NOTIC: [8] Undefined variable: infolist D:\Program Files\wamp\www\yy\admin\Home\Controller\IndexController.class.php 第 93 行.
INFO: [ view_parse ] --START--
INFO: [ template_filter ] --START--
INFO: Run Behavior\ContentReplaceBehavior [ RunTime:0.000099s ]
INFO: [ template_filter ] --END-- [ RunTime:0.000251s ]
INFO: Run Behavior\ParseTemplateBehavior [ RunTime:0.016856s ]
INFO: [ view_parse ] --END-- [ RunTime:0.017001s ]
INFO: [ view_filter ] --START--
INFO: Run Behavior\WriteHtmlCacheBehavior [ RunTime:0.000588s ]
INFO: [ view_filter ] --END-- [ RunTime:0.000710s ]
INFO: [ app_end ] --START--
INFO: Run Behavior\ShowPageTraceBehavior [ RunTime:0.000720s ]
INFO: [ app_end ] --END-- [ RunTime:0.000847s ]

[ 2017-05-17T18:55:38+08:00 ] ::1 /yy/admin.php/Home/Index/index.html
INFO: [ app_init ] --START--
INFO: Run Behavior\BuildLiteBehavior [ RunTime:0.000037s ]
INFO: [ app_init ] --END-- [ RunTime:0.000590s ]
INFO: [ app_begin ] --START--
INFO: Run Behavior\ReadHtmlCacheBehavior [ RunTime:0.000706s ]
INFO: [ app_begin ] --END-- [ RunTime:0.000837s ]
SQL: SHOW COLUMNS FROM `wc_users` [ RunTime:0.0501s ]
SQL: SELECT * FROM `wc_users`  [ RunTime:0.0792s ]
INFO: [ view_parse ] --START--
INFO: [ template_filter ] --START--
INFO: Run Behavior\ContentReplaceBehavior [ RunTime:0.000122s ]
INFO: [ template_filter ] --END-- [ RunTime:0.000277s ]
INFO: Run Behavior\ParseTemplateBehavior [ RunTime:0.015965s ]
INFO: [ view_parse ] --END-- [ RunTime:0.016115s ]
INFO: [ view_filter ] --START--
INFO: Run Behavior\WriteHtmlCacheBehavior [ RunTime:0.000496s ]
INFO: [ view_filter ] --END-- [ RunTime:0.000620s ]
INFO: [ app_end ] --START--
INFO: Run Behavior\ShowPageTraceBehavior [ RunTime:0.000679s ]
INFO: [ app_end ] --END-- [ RunTime:0.000797s ]

[ 2017-05-17T18:56:24+08:00 ] ::1 /yy/admin.php/Home/Index/cms_search.html
INFO: [ app_init ] --START--
INFO: Run Behavior\BuildLiteBehavior [ RunTime:0.000029s ]
INFO: [ app_init ] --END-- [ RunTime:0.000484s ]
INFO: [ app_begin ] --START--
INFO: Run Behavior\ReadHtmlCacheBehavior [ RunTime:0.001327s ]
INFO: [ app_begin ] --END-- [ RunTime:0.001743s ]
SQL: SHOW COLUMNS FROM `wc_users` [ RunTime:0.0476s ]
SQL: SELECT * FROM `wc_users`  [ RunTime:0.0901s ]
NOTIC: [8] Use of undefined constant id - assumed 'id' D:\Program Files\wamp\www\yy\admin\Home\Controller\IndexController.class.php 第 171 行.
NOTIC: [8] Use of undefined constant companyname - assumed 'companyname' D:\Program Files\wamp\www\yy\admin\Home\Controller\IndexController.class.php 第 172 行.
NOTIC: [8] Use of undefined constant principal - assumed 'principal' D:\Program Files\wamp\www\yy\admin\Home\Controller\IndexController.class.php 第 173 行.
NOTIC: [8] Use of undefined constant email - assumed 'email' D:\Program Files\wamp\www\yy\admin\Home\Controller\IndexController.class.php 第 174 行.
NOTIC: [8] Use of undefined constant lytotalrevenue - assumed 'lytotalrevenue' D:\Program Files\wamp\www\yy\admin\Home\Controller\IndexController.class.php 第 175 行.
NOTIC: [8] Use of undefined constant lyratal - assumed 'lyratal' D:\Program Files\wamp\www\yy\admin\Home\Controller\IndexController.class.php 第 176 行.
NOTIC: [8] Use of undefined constant tytotalrevenue - assumed 'tytotalrevenue' D:\Program Files\wamp\www\yy\admin\Home\Controller\IndexController.class.php 第 177 行.
NOTIC: [8] Use of undefined constant tyratal - assumed 'tyratal' D:\Program Files\wamp\www\yy\admin\Home\Controller\IndexController.class.php 第 178 行.
NOTIC: [8] Use of undefined constant patent - assumed 'patent' D:\Program Files\wamp\www\yy\admin\Home\Controller\IndexController.class.php 第 179 行.
NOTIC: [8] Use of undefined constant id - assumed 'id' D:\Program Files\wamp\www\yy\admin\Home\Controller\IndexController.class.php 第 171 行.
NOTIC: [8] Use of undefined constant companyname - assumed 'companyname' D:\Program Files\wamp\www\yy\admin\Home\Controller\IndexController.class.php 第 172 行.
NOTIC: [8] Use of undefined constant principal - assumed 'principal' D:\Program Files\wamp\www\yy\admin\Home\Controller\IndexController.class.php 第 173 行.
NOTIC: [8] Use of undefined constant email - assumed 'email' D:\Program Files\wamp\www\yy\admin\Home\Controller\IndexController.class.php 第 174 行.
NOTIC: [8] Use of undefined constant lytotalrevenue - assumed 'lytotalrevenue' D:\Program Files\wamp\www\yy\admin\Home\Controller\IndexController.class.php 第 175 行.
NOTIC: [8] Use of undefined constant lyratal - assumed 'lyratal' D:\Program Files\wamp\www\yy\admin\Home\Controller\IndexController.class.php 第 176 行.
NOTIC: [8] Use of undefined constant tytotalrevenue - assumed 'tytotalrevenue' D:\Program Files\wamp\www\yy\admin\Home\Controller\IndexController.class.php 第 177 行.
NOTIC: [8] Use of undefined constant tyratal - assumed 'tyratal' D:\Program Files\wamp\www\yy\admin\Home\Controller\IndexController.class.php 第 178 行.
NOTIC: [8] Use of undefined constant patent - assumed 'patent' D:\Program Files\wamp\www\yy\admin\Home\Controller\IndexController.class.php 第 179 行.
NOTIC: [8] Use of undefined constant id - assumed 'id' D:\Program Files\wamp\www\yy\admin\Home\Controller\IndexController.class.php 第 171 行.
NOTIC: [8] Use of undefined constant companyname - assumed 'companyname' D:\Program Files\wamp\www\yy\admin\Home\Controller\IndexController.class.php 第 172 行.
NOTIC: [8] Use of undefined constant principal - assumed 'principal' D:\Program Files\wamp\www\yy\admin\Home\Controller\IndexController.class.php 第 173 行.
NOTIC: [8] Use of undefined constant email - assumed 'email' D:\Program Files\wamp\www\yy\admin\Home\Controller\IndexController.class.php 第 174 行.
NOTIC: [8] Use of undefined constant lytotalrevenue - assumed 'lytotalrevenue' D:\Program Files\wamp\www\yy\admin\Home\Controller\IndexController.class.php 第 175 行.
NOTIC: [8] Use of undefined constant lyratal - assumed 'lyratal' D:\Program Files\wamp\www\yy\admin\Home\Controller\IndexController.class.php 第 176 行.
NOTIC: [8] Use of undefined constant tytotalrevenue - assumed 'tytotalrevenue' D:\Program Files\wamp\www\yy\admin\Home\Controller\IndexController.class.php 第 177 行.
NOTIC: [8] Use of undefined constant tyratal - assumed 'tyratal' D:\Program Files\wamp\www\yy\admin\Home\Controller\IndexController.class.php 第 178 行.
NOTIC: [8] Use of undefined constant patent - assumed 'patent' D:\Program Files\wamp\www\yy\admin\Home\Controller\IndexController.class.php 第 179 行.
NOTIC: [8] Use of undefined constant id - assumed 'id' D:\Program Files\wamp\www\yy\admin\Home\Controller\IndexController.class.php 第 171 行.
NOTIC: [8] Use of undefined constant companyname - assumed 'companyname' D:\Program Files\wamp\www\yy\admin\Home\Controller\IndexController.class.php 第 172 行.
NOTIC: [8] Use of undefined constant principal - assumed 'principal' D:\Program Files\wamp\www\yy\admin\Home\Controller\IndexController.class.php 第 173 行.
NOTIC: [8] Use of undefined constant email - assumed 'email' D:\Program Files\wamp\www\yy\admin\Home\Controller\IndexController.class.php 第 174 行.
NOTIC: [8] Use of undefined constant lytotalrevenue - assumed 'lytotalrevenue' D:\Program Files\wamp\www\yy\admin\Home\Controller\IndexController.class.php 第 175 行.
NOTIC: [8] Use of undefined constant lyratal - assumed 'lyratal' D:\Program Files\wamp\www\yy\admin\Home\Controller\IndexController.class.php 第 176 行.
NOTIC: [8] Use of undefined constant tytotalrevenue - assumed 'tytotalrevenue' D:\Program Files\wamp\www\yy\admin\Home\Controller\IndexController.class.php 第 177 行.
NOTIC: [8] Use of undefined constant tyratal - assumed 'tyratal' D:\Program Files\wamp\www\yy\admin\Home\Controller\IndexController.class.php 第 178 行.
NOTIC: [8] Use of undefined constant patent - assumed 'patent' D:\Program Files\wamp\www\yy\admin\Home\Controller\IndexController.class.php 第 179 行.

[ 2017-05-17T19:08:07+08:00 ] ::1 /yy/admin.php/Home/Index/cms_search.html
INFO: [ app_init ] --START--
INFO: Run Behavior\BuildLiteBehavior [ RunTime:0.000031s ]
INFO: [ app_init ] --END-- [ RunTime:0.001058s ]
INFO: [ app_begin ] --START--
INFO: Run Behavior\ReadHtmlCacheBehavior [ RunTime:0.015298s ]
INFO: [ app_begin ] --END-- [ RunTime:0.015460s ]
SQL: SHOW COLUMNS FROM `wc_users` [ RunTime:0.0403s ]
SQL: SELECT * FROM `wc_users`  [ RunTime:0.0789s ]
INFO: [ view_parse ] --START--
INFO: [ template_filter ] --START--
INFO: Run Behavior\ContentReplaceBehavior [ RunTime:0.000100s ]
INFO: [ template_filter ] --END-- [ RunTime:0.000253s ]
INFO: Run Behavior\ParseTemplateBehavior [ RunTime:0.080590s ]
INFO: [ view_parse ] --END-- [ RunTime:0.080757s ]
INFO: [ view_filter ] --START--
INFO: Run Behavior\WriteHtmlCacheBehavior [ RunTime:0.022495s ]
INFO: [ view_filter ] --END-- [ RunTime:0.022633s ]
INFO: [ app_end ] --START--
INFO: Run Behavior\ShowPageTraceBehavior [ RunTime:0.001415s ]
INFO: [ app_end ] --END-- [ RunTime:0.001586s ]

[ 2017-05-17T19:08:26+08:00 ] ::1 /yy/admin.php/Home/Index/cms_search.html
INFO: [ app_init ] --START--
INFO: Run Behavior\BuildLiteBehavior [ RunTime:0.000028s ]
INFO: [ app_init ] --END-- [ RunTime:0.000545s ]
INFO: [ app_begin ] --START--
INFO: Run Behavior\ReadHtmlCacheBehavior [ RunTime:0.000741s ]
INFO: [ app_begin ] --END-- [ RunTime:0.000904s ]
SQL: SHOW COLUMNS FROM `wc_users` [ RunTime:0.0502s ]
SQL: SELECT * FROM `wc_users`  [ RunTime:0.0789s ]
INFO: [ view_parse ] --START--
INFO: [ template_filter ] --START--
INFO: Run Behavior\ContentReplaceBehavior [ RunTime:0.000103s ]
INFO: [ template_filter ] --END-- [ RunTime:0.000250s ]
INFO: Run Behavior\ParseTemplateBehavior [ RunTime:0.018568s ]
INFO: [ view_parse ] --END-- [ RunTime:0.018706s ]
INFO: [ view_filter ] --START--
INFO: Run Behavior\WriteHtmlCacheBehavior [ RunTime:0.000577s ]
INFO: [ view_filter ] --END-- [ RunTime:0.000704s ]
INFO: [ app_end ] --START--
INFO: Run Behavior\ShowPageTraceBehavior [ RunTime:0.000902s ]
INFO: [ app_end ] --END-- [ RunTime:0.001031s ]

[ 2017-05-17T19:08:28+08:00 ] ::1 /yy/admin.php/Home/Index/download.html
INFO: [ app_init ] --START--
INFO: Run Behavior\BuildLiteBehavior [ RunTime:0.000031s ]
INFO: [ app_init ] --END-- [ RunTime:0.000648s ]
INFO: [ app_begin ] --START--
INFO: Run Behavior\ReadHtmlCacheBehavior [ RunTime:0.001104s ]
INFO: [ app_begin ] --END-- [ RunTime:0.001308s ]
NOTIC: [8] Undefined variable: infolist D:\Program Files\wamp\www\yy\admin\Home\Controller\IndexController.class.php 第 100 行.
INFO: [ view_parse ] --START--
INFO: [ template_filter ] --START--
INFO: Run Behavior\ContentReplaceBehavior [ RunTime:0.000114s ]
INFO: [ template_filter ] --END-- [ RunTime:0.000327s ]
INFO: Run Behavior\ParseTemplateBehavior [ RunTime:0.039132s ]
INFO: [ view_parse ] --END-- [ RunTime:0.039289s ]
INFO: [ view_filter ] --START--
INFO: Run Behavior\WriteHtmlCacheBehavior [ RunTime:0.000725s ]
INFO: [ view_filter ] --END-- [ RunTime:0.000891s ]

[ 2017-05-17T19:08:35+08:00 ] ::1 /yy/admin.php/Home/Index/cms_search.html
INFO: [ app_init ] --START--
INFO: Run Behavior\BuildLiteBehavior [ RunTime:0.000026s ]
INFO: [ app_init ] --END-- [ RunTime:0.000488s ]
INFO: [ app_begin ] --START--
INFO: Run Behavior\ReadHtmlCacheBehavior [ RunTime:0.001410s ]
INFO: [ app_begin ] --END-- [ RunTime:0.001617s ]
SQL: SHOW COLUMNS FROM `wc_users` [ RunTime:0.0404s ]
SQL: SELECT * FROM `wc_users`  [ RunTime:0.0686s ]
INFO: [ view_parse ] --START--
INFO: [ template_filter ] --START--
INFO: Run Behavior\ContentReplaceBehavior [ RunTime:0.000107s ]
INFO: [ template_filter ] --END-- [ RunTime:0.000274s ]
INFO: Run Behavior\ParseTemplateBehavior [ RunTime:0.016970s ]
INFO: [ view_parse ] --END-- [ RunTime:0.017114s ]
INFO: [ view_filter ] --START--
INFO: Run Behavior\WriteHtmlCacheBehavior [ RunTime:0.000567s ]
INFO: [ view_filter ] --END-- [ RunTime:0.000702s ]
INFO: [ app_end ] --START--
INFO: Run Behavior\ShowPageTraceBehavior [ RunTime:0.000736s ]
INFO: [ app_end ] --END-- [ RunTime:0.000866s ]

[ 2017-05-17T19:08:38+08:00 ] ::1 /yy/admin.php/Home/Index/download.html
INFO: [ app_init ] --START--
INFO: Run Behavior\BuildLiteBehavior [ RunTime:0.000050s ]
INFO: [ app_init ] --END-- [ RunTime:0.001683s ]
INFO: [ app_begin ] --START--
INFO: Run Behavior\ReadHtmlCacheBehavior [ RunTime:0.001285s ]
INFO: [ app_begin ] --END-- [ RunTime:0.001532s ]
NOTIC: [8] Undefined variable: infolist D:\Program Files\wamp\www\yy\admin\Home\Controller\IndexController.class.php 第 100 行.
INFO: [ view_parse ] --START--
INFO: [ template_filter ] --START--
INFO: Run Behavior\ContentReplaceBehavior [ RunTime:0.000071s ]
INFO: [ template_filter ] --END-- [ RunTime:0.000207s ]
INFO: Run Behavior\ParseTemplateBehavior [ RunTime:0.009764s ]
INFO: [ view_parse ] --END-- [ RunTime:0.010029s ]
INFO: [ view_filter ] --START--
INFO: Run Behavior\WriteHtmlCacheBehavior [ RunTime:0.000830s ]
INFO: [ view_filter ] --END-- [ RunTime:0.000967s ]

[ 2017-05-17T19:09:17+08:00 ] ::1 /yy/admin.php/Home/Index/cms_search.html
INFO: [ app_init ] --START--
INFO: Run Behavior\BuildLiteBehavior [ RunTime:0.000030s ]
INFO: [ app_init ] --END-- [ RunTime:0.000552s ]
INFO: [ app_begin ] --START--
INFO: Run Behavior\ReadHtmlCacheBehavior [ RunTime:0.000686s ]
INFO: [ app_begin ] --END-- [ RunTime:0.000818s ]
SQL: SHOW COLUMNS FROM `wc_users` [ RunTime:0.0503s ]
SQL: SELECT * FROM `wc_users`  [ RunTime:0.0787s ]
NOTIC: [8] Undefined variable: infolist D:\Program Files\wamp\www\yy\admin\Home\Controller\IndexController.class.php 第 85 行.
NOTIC: [8] Undefined variable: infolist D:\Program Files\wamp\www\yy\admin\Home\Controller\IndexController.class.php 第 94 行.
INFO: [ view_parse ] --START--
INFO: [ template_filter ] --START--
INFO: Run Behavior\ContentReplaceBehavior [ RunTime:0.000094s ]
INFO: [ template_filter ] --END-- [ RunTime:0.000224s ]
NOTIC: [8] Undefined index: id D:\Program Files\wamp\www\yy\admin\Runtime\Cache\Home\5ae49521f4b4d9eb82c877f5df4cc67d.php 第 101 行.
NOTIC: [8] Undefined index: username D:\Program Files\wamp\www\yy\admin\Runtime\Cache\Home\5ae49521f4b4d9eb82c877f5df4cc67d.php 第 102 行.
NOTIC: [8] Undefined index: companyname D:\Program Files\wamp\www\yy\admin\Runtime\Cache\Home\5ae49521f4b4d9eb82c877f5df4cc67d.php 第 103 行.
NOTIC: [8] Undefined index: principal D:\Program Files\wamp\www\yy\admin\Runtime\Cache\Home\5ae49521f4b4d9eb82c877f5df4cc67d.php 第 104 行.
NOTIC: [8] Undefined index: email D:\Program Files\wamp\www\yy\admin\Runtime\Cache\Home\5ae49521f4b4d9eb82c877f5df4cc67d.php 第 105 行.
NOTIC: [8] Undefined index: id D:\Program Files\wamp\www\yy\admin\Runtime\Cache\Home\5ae49521f4b4d9eb82c877f5df4cc67d.php 第 115 行.
NOTIC: [8] Undefined index: id D:\Program Files\wamp\www\yy\admin\Runtime\Cache\Home\5ae49521f4b4d9eb82c877f5df4cc67d.php 第 118 行.
INFO: Run Behavior\ParseTemplateBehavior [ RunTime:0.015700s ]
INFO: [ view_parse ] --END-- [ RunTime:0.015858s ]
INFO: [ view_filter ] --START--
INFO: Run Behavior\WriteHtmlCacheBehavior [ RunTime:0.000877s ]
INFO: [ view_filter ] --END-- [ RunTime:0.001023s ]
INFO: [ app_end ] --START--
INFO: Run Behavior\ShowPageTraceBehavior [ RunTime:0.001144s ]
INFO: [ app_end ] --END-- [ RunTime:0.001290s ]

[ 2017-05-17T19:09:19+08:00 ] ::1 /yy/admin.php/Home/Index/cms_search.html
INFO: [ app_init ] --START--
INFO: Run Behavior\BuildLiteBehavior [ RunTime:0.000029s ]
INFO: [ app_init ] --END-- [ RunTime:0.000541s ]
INFO: [ app_begin ] --START--
INFO: Run Behavior\ReadHtmlCacheBehavior [ RunTime:0.000627s ]
INFO: [ app_begin ] --END-- [ RunTime:0.000790s ]
SQL: SHOW COLUMNS FROM `wc_users` [ RunTime:0.0502s ]
SQL: SELECT * FROM `wc_users`  [ RunTime:0.0791s ]
NOTIC: [8] Undefined variable: infolist D:\Program Files\wamp\www\yy\admin\Home\Controller\IndexController.class.php 第 85 行.
NOTIC: [8] Undefined variable: infolist D:\Program Files\wamp\www\yy\admin\Home\Controller\IndexController.class.php 第 94 行.
INFO: [ view_parse ] --START--
INFO: [ template_filter ] --START--
INFO: Run Behavior\ContentReplaceBehavior [ RunTime:0.000094s ]
INFO: [ template_filter ] --END-- [ RunTime:0.000225s ]
NOTIC: [8] Undefined index: id D:\Program Files\wamp\www\yy\admin\Runtime\Cache\Home\5ae49521f4b4d9eb82c877f5df4cc67d.php 第 101 行.
NOTIC: [8] Undefined index: username D:\Program Files\wamp\www\yy\admin\Runtime\Cache\Home\5ae49521f4b4d9eb82c877f5df4cc67d.php 第 102 行.
NOTIC: [8] Undefined index: companyname D:\Program Files\wamp\www\yy\admin\Runtime\Cache\Home\5ae49521f4b4d9eb82c877f5df4cc67d.php 第 103 行.
NOTIC: [8] Undefined index: principal D:\Program Files\wamp\www\yy\admin\Runtime\Cache\Home\5ae49521f4b4d9eb82c877f5df4cc67d.php 第 104 行.
NOTIC: [8] Undefined index: email D:\Program Files\wamp\www\yy\admin\Runtime\Cache\Home\5ae49521f4b4d9eb82c877f5df4cc67d.php 第 105 行.
NOTIC: [8] Undefined index: id D:\Program Files\wamp\www\yy\admin\Runtime\Cache\Home\5ae49521f4b4d9eb82c877f5df4cc67d.php 第 115 行.
NOTIC: [8] Undefined index: id D:\Program Files\wamp\www\yy\admin\Runtime\Cache\Home\5ae49521f4b4d9eb82c877f5df4cc67d.php 第 118 行.
INFO: Run Behavior\ParseTemplateBehavior [ RunTime:0.014708s ]
INFO: [ view_parse ] --END-- [ RunTime:0.014838s ]
INFO: [ view_filter ] --START--
INFO: Run Behavior\WriteHtmlCacheBehavior [ RunTime:0.000356s ]
INFO: [ view_filter ] --END-- [ RunTime:0.000475s ]
INFO: [ app_end ] --START--
INFO: Run Behavior\ShowPageTraceBehavior [ RunTime:0.000547s ]
INFO: [ app_end ] --END-- [ RunTime:0.000657s ]

[ 2017-05-17T19:09:41+08:00 ] ::1 /yy/admin.php/Home/Index/cms_search.html
INFO: [ app_init ] --START--
INFO: Run Behavior\BuildLiteBehavior [ RunTime:0.000037s ]
INFO: [ app_init ] --END-- [ RunTime:0.000497s ]
INFO: [ app_begin ] --START--
INFO: Run Behavior\ReadHtmlCacheBehavior [ RunTime:0.000826s ]
INFO: [ app_begin ] --END-- [ RunTime:0.001006s ]
SQL: SHOW COLUMNS FROM `wc_users` [ RunTime:0.0402s ]
SQL: SELECT * FROM `wc_users`  [ RunTime:0.0791s ]
INFO: [ view_parse ] --START--
INFO: [ template_filter ] --START--
INFO: Run Behavior\ContentReplaceBehavior [ RunTime:0.000105s ]
INFO: [ template_filter ] --END-- [ RunTime:0.000253s ]
INFO: Run Behavior\ParseTemplateBehavior [ RunTime:0.018987s ]
INFO: [ view_parse ] --END-- [ RunTime:0.019149s ]
INFO: [ view_filter ] --START--
INFO: Run Behavior\WriteHtmlCacheBehavior [ RunTime:0.000476s ]
INFO: [ view_filter ] --END-- [ RunTime:0.000602s ]
INFO: [ app_end ] --START--
INFO: Run Behavior\ShowPageTraceBehavior [ RunTime:0.000636s ]
INFO: [ app_end ] --END-- [ RunTime:0.000756s ]

[ 2017-05-17T19:09:48+08:00 ] ::1 /yy/admin.php/Home/Index/cms_search.html
INFO: [ app_init ] --START--
INFO: Run Behavior\BuildLiteBehavior [ RunTime:0.000048s ]
INFO: [ app_init ] --END-- [ RunTime:0.000755s ]
INFO: [ app_begin ] --START--
INFO: Run Behavior\ReadHtmlCacheBehavior [ RunTime:0.000638s ]
INFO: [ app_begin ] --END-- [ RunTime:0.000775s ]
SQL: SHOW COLUMNS FROM `wc_users` [ RunTime:0.0501s ]
SQL: SELECT * FROM `wc_users`  [ RunTime:0.0794s ]
INFO: [ view_parse ] --START--
INFO: [ template_filter ] --START--
INFO: Run Behavior\ContentReplaceBehavior [ RunTime:0.000094s ]
INFO: [ template_filter ] --END-- [ RunTime:0.000224s ]
INFO: Run Behavior\ParseTemplateBehavior [ RunTime:0.015664s ]
INFO: [ view_parse ] --END-- [ RunTime:0.015836s ]
INFO: [ view_filter ] --START--
INFO: Run Behavior\WriteHtmlCacheBehavior [ RunTime:0.000534s ]
INFO: [ view_filter ] --END-- [ RunTime:0.000718s ]
INFO: [ app_end ] --START--
INFO: Run Behavior\ShowPageTraceBehavior [ RunTime:0.000980s ]
INFO: [ app_end ] --END-- [ RunTime:0.001163s ]

[ 2017-05-17T19:09:49+08:00 ] ::1 /yy/admin.php/Home/Index/download.html
INFO: [ app_init ] --START--
INFO: Run Behavior\BuildLiteBehavior [ RunTime:0.000028s ]
INFO: [ app_init ] --END-- [ RunTime:0.000499s ]
INFO: [ app_begin ] --START--
INFO: Run Behavior\ReadHtmlCacheBehavior [ RunTime:0.000596s ]
INFO: [ app_begin ] --END-- [ RunTime:0.000760s ]
INFO: [ view_parse ] --START--
INFO: [ template_filter ] --START--
INFO: Run Behavior\ContentReplaceBehavior [ RunTime:0.000073s ]
INFO: [ template_filter ] --END-- [ RunTime:0.000226s ]
INFO: Run Behavior\ParseTemplateBehavior [ RunTime:0.007739s ]
INFO: [ view_parse ] --END-- [ RunTime:0.007884s ]
INFO: [ view_filter ] --START--
INFO: Run Behavior\WriteHtmlCacheBehavior [ RunTime:0.000409s ]
INFO: [ view_filter ] --END-- [ RunTime:0.000564s ]

[ 2017-05-17T19:15:37+08:00 ] ::1 /yy/admin.php/Home/Index/cms_search.html
INFO: [ app_init ] --START--
INFO: Run Behavior\BuildLiteBehavior [ RunTime:0.000049s ]
INFO: [ app_init ] --END-- [ RunTime:0.001769s ]
INFO: [ app_begin ] --START--
INFO: Run Behavior\ReadHtmlCacheBehavior [ RunTime:0.001285s ]
INFO: [ app_begin ] --END-- [ RunTime:0.001444s ]
SQL: SHOW COLUMNS FROM `wc_users` [ RunTime:0.0501s ]
SQL: SELECT * FROM `wc_users`  [ RunTime:0.0989s ]
INFO: [ view_parse ] --START--
INFO: [ template_filter ] --START--
INFO: Run Behavior\ContentReplaceBehavior [ RunTime:0.000130s ]
INFO: [ template_filter ] --END-- [ RunTime:0.000324s ]
INFO: Run Behavior\ParseTemplateBehavior [ RunTime:0.289907s ]
INFO: [ view_parse ] --END-- [ RunTime:0.290093s ]
INFO: [ view_filter ] --START--
INFO: Run Behavior\WriteHtmlCacheBehavior [ RunTime:0.762928s ]
INFO: [ view_filter ] --END-- [ RunTime:0.763078s ]
INFO: [ app_end ] --START--
INFO: Run Behavior\ShowPageTraceBehavior [ RunTime:0.314515s ]
INFO: [ app_end ] --END-- [ RunTime:0.314812s ]

[ 2017-05-17T19:15:48+08:00 ] ::1 /yy/admin.php/Home/Index/cms_search.html
INFO: [ app_init ] --START--
INFO: Run Behavior\BuildLiteBehavior [ RunTime:0.000031s ]
INFO: [ app_init ] --END-- [ RunTime:0.000536s ]
INFO: [ app_begin ] --START--
INFO: Run Behavior\ReadHtmlCacheBehavior [ RunTime:0.001075s ]
INFO: [ app_begin ] --END-- [ RunTime:0.001439s ]
SQL: SHOW COLUMNS FROM `wc_users` [ RunTime:0.0403s ]
SQL: SELECT * FROM `wc_users`  [ RunTime:0.0780s ]
INFO: [ view_parse ] --START--
INFO: [ template_filter ] --START--
INFO: Run Behavior\ContentReplaceBehavior [ RunTime:0.000129s ]
INFO: [ template_filter ] --END-- [ RunTime:0.000284s ]
INFO: Run Behavior\ParseTemplateBehavior [ RunTime:0.015266s ]
INFO: [ view_parse ] --END-- [ RunTime:0.015469s ]
INFO: [ view_filter ] --START--
INFO: Run Behavior\WriteHtmlCacheBehavior [ RunTime:0.000352s ]
INFO: [ view_filter ] --END-- [ RunTime:0.000476s ]
INFO: [ app_end ] --START--
INFO: Run Behavior\ShowPageTraceBehavior [ RunTime:0.000607s ]
INFO: [ app_end ] --END-- [ RunTime:0.000735s ]

[ 2017-05-17T19:15:49+08:00 ] ::1 /yy/admin.php/Home/Index/download.html
INFO: [ app_init ] --START--
INFO: Run Behavior\BuildLiteBehavior [ RunTime:0.000029s ]
INFO: [ app_init ] --END-- [ RunTime:0.000488s ]
INFO: [ app_begin ] --START--
INFO: Run Behavior\ReadHtmlCacheBehavior [ RunTime:0.000591s ]
INFO: [ app_begin ] --END-- [ RunTime:0.000722s ]
INFO: [ app_end ] --START--
INFO: Run Behavior\ShowPageTraceBehavior [ RunTime:0.000603s ]
INFO: [ app_end ] --END-- [ RunTime:0.000735s ]

[ 2017-05-17T19:16:12+08:00 ] ::1 /yy/admin.php/Home/Index/download.html
INFO: [ app_init ] --START--
INFO: Run Behavior\BuildLiteBehavior [ RunTime:0.000068s ]
INFO: [ app_init ] --END-- [ RunTime:0.001060s ]
INFO: [ app_begin ] --START--
INFO: Run Behavior\ReadHtmlCacheBehavior [ RunTime:0.000957s ]
INFO: [ app_begin ] --END-- [ RunTime:0.001184s ]
INFO: [ app_end ] --START--
INFO: Run Behavior\ShowPageTraceBehavior [ RunTime:0.001053s ]
INFO: [ app_end ] --END-- [ RunTime:0.001320s ]

[ 2017-05-17T19:16:14+08:00 ] ::1 /yy/admin.php/Home/Index/cms_search.html
INFO: [ app_init ] --START--
INFO: Run Behavior\BuildLiteBehavior [ RunTime:0.000063s ]
INFO: [ app_init ] --END-- [ RunTime:0.000823s ]
INFO: [ app_begin ] --START--
INFO: Run Behavior\ReadHtmlCacheBehavior [ RunTime:0.000988s ]
INFO: [ app_begin ] --END-- [ RunTime:0.001236s ]
SQL: SHOW COLUMNS FROM `wc_users` [ RunTime:0.0502s ]
SQL: SELECT * FROM `wc_users`  [ RunTime:0.0785s ]
INFO: [ view_parse ] --START--
INFO: [ template_filter ] --START--
INFO: Run Behavior\ContentReplaceBehavior [ RunTime:0.000109s ]
INFO: [ template_filter ] --END-- [ RunTime:0.000254s ]
INFO: Run Behavior\ParseTemplateBehavior [ RunTime:0.015074s ]
INFO: [ view_parse ] --END-- [ RunTime:0.015234s ]
INFO: [ view_filter ] --START--
INFO: Run Behavior\WriteHtmlCacheBehavior [ RunTime:0.000418s ]
INFO: [ view_filter ] --END-- [ RunTime:0.000533s ]
INFO: [ app_end ] --START--
INFO: Run Behavior\ShowPageTraceBehavior [ RunTime:0.000623s ]
INFO: [ app_end ] --END-- [ RunTime:0.000784s ]

[ 2017-05-17T19:17:19+08:00 ] ::1 /yy/admin.php/Home/Index/cms_search.html
INFO: [ app_init ] --START--
INFO: Run Behavior\BuildLiteBehavior [ RunTime:0.000037s ]
INFO: [ app_init ] --END-- [ RunTime:0.000487s ]
INFO: [ app_begin ] --START--
INFO: Run Behavior\ReadHtmlCacheBehavior [ RunTime:0.000528s ]
INFO: [ app_begin ] --END-- [ RunTime:0.000648s ]
SQL: SHOW COLUMNS FROM `wc_users` [ RunTime:0.0502s ]
SQL: SELECT * FROM `wc_users`  [ RunTime:0.0790s ]
INFO: [ view_parse ] --START--
INFO: [ template_filter ] --START--
INFO: Run Behavior\ContentReplaceBehavior [ RunTime:0.000095s ]
INFO: [ template_filter ] --END-- [ RunTime:0.000230s ]
INFO: Run Behavior\ParseTemplateBehavior [ RunTime:0.015934s ]
INFO: [ view_parse ] --END-- [ RunTime:0.016107s ]
INFO: [ view_filter ] --START--
INFO: Run Behavior\WriteHtmlCacheBehavior [ RunTime:0.000545s ]
INFO: [ view_filter ] --END-- [ RunTime:0.000672s ]
INFO: [ app_end ] --START--
INFO: Run Behavior\ShowPageTraceBehavior [ RunTime:0.000601s ]
INFO: [ app_end ] --END-- [ RunTime:0.000748s ]

