[ 2017-04-27T17:02:22+08:00 ] 192.168.0.189 /yy/admin.php/Index/index.html
INFO: [ app_init ] --START--
INFO: Run Behavior\BuildLiteBehavior [ RunTime:0.000044s ]
INFO: [ app_init ] --END-- [ RunTime:0.000706s ]
ERR: 无法加载模块:Index

[ 2017-04-27T17:02:34+08:00 ] 192.168.0.189 /yy/admin.php/Admin/Index/index.html
INFO: [ app_init ] --START--
INFO: Run Behavior\BuildLiteBehavior [ RunTime:0.000031s ]
INFO: [ app_init ] --END-- [ RunTime:0.000701s ]
ERR: 无法加载模块:Admin

[ 2017-04-27T17:02:44+08:00 ] 192.168.0.189 /yy/admin.php/Index/index.html
INFO: [ app_init ] --START--
INFO: Run Behavior\BuildLiteBehavior [ RunTime:0.000026s ]
INFO: [ app_init ] --END-- [ RunTime:0.000479s ]
ERR: 无法加载模块:Index

[ 2017-04-27T17:02:57+08:00 ] 192.168.0.189 /yy/admin.php/favicon.ico
INFO: [ app_init ] --START--
INFO: Run Behavior\BuildLiteBehavior [ RunTime:0.000106s ]
INFO: [ app_init ] --END-- [ RunTime:0.001693s ]
ERR: 无法加载模块:Favicon

[ 2017-04-27T21:50:04+08:00 ] ::1 /yy/admin.php/favicon.ico
INFO: [ app_init ] --START--
INFO: Run Behavior\BuildLiteBehavior [ RunTime:0.000074s ]
INFO: [ app_init ] --END-- [ RunTime:0.001743s ]
ERR: 无法加载模块:Favicon

